{"D:\\project\\UnityRenderStreaming\\WebApp\\src\\class\\answer.ts": {"path":"D:\\project\\UnityRenderStreaming\\WebApp\\src\\class\\answer.ts","all":false,"statementMap":{"0":{"start":{"line":1,"column":0},"end":{"line":1,"column":29}},"1":{"start":{"line":2,"column":0},"end":{"line":2,"column":14}},"2":{"start":{"line":3,"column":0},"end":{"line":3,"column":19}},"3":{"start":{"line":4,"column":0},"end":{"line":4,"column":46}},"4":{"start":{"line":5,"column":0},"end":{"line":5,"column":19}},"5":{"start":{"line":6,"column":0},"end":{"line":6,"column":29}},"6":{"start":{"line":7,"column":0},"end":{"line":7,"column":3}},"7":{"start":{"line":8,"column":0},"end":{"line":8,"column":1}}},"s":{"0":2,"1":2,"2":2,"3":2,"4":8,"5":8,"6":8,"7":2},"branchMap":{"0":{"type":"branch","line":1,"loc":{"start":{"line":1,"column":0},"end":{"line":8,"column":1}},"locations":[{"start":{"line":1,"column":0},"end":{"line":8,"column":1}}]},"1":{"type":"branch","line":4,"loc":{"start":{"line":4,"column":2},"end":{"line":7,"column":3}},"locations":[{"start":{"line":4,"column":2},"end":{"line":7,"column":3}}]}},"b":{"0":[2],"1":[8]},"fnMap":{"0":{"name":"Answer","decl":{"start":{"line":4,"column":2},"end":{"line":7,"column":3}},"loc":{"start":{"line":4,"column":2},"end":{"line":7,"column":3}},"line":4}},"f":{"0":8}}
,"D:\\project\\UnityRenderStreaming\\WebApp\\src\\class\\candidate.ts": {"path":"D:\\project\\UnityRenderStreaming\\WebApp\\src\\class\\candidate.ts","all":false,"statementMap":{"0":{"start":{"line":1,"column":0},"end":{"line":1,"column":32}},"1":{"start":{"line":2,"column":0},"end":{"line":2,"column":20}},"2":{"start":{"line":3,"column":0},"end":{"line":3,"column":24}},"3":{"start":{"line":4,"column":0},"end":{"line":4,"column":17}},"4":{"start":{"line":5,"column":0},"end":{"line":5,"column":19}},"5":{"start":{"line":6,"column":0},"end":{"line":6,"column":91}},"6":{"start":{"line":7,"column":0},"end":{"line":7,"column":31}},"7":{"start":{"line":8,"column":0},"end":{"line":8,"column":39}},"8":{"start":{"line":9,"column":0},"end":{"line":9,"column":25}},"9":{"start":{"line":10,"column":0},"end":{"line":10,"column":29}},"10":{"start":{"line":11,"column":0},"end":{"line":11,"column":3}},"11":{"start":{"line":12,"column":0},"end":{"line":12,"column":1}}},"s":{"0":2,"1":2,"2":2,"3":2,"4":2,"5":2,"6":6,"7":6,"8":6,"9":6,"10":6,"11":2},"branchMap":{"0":{"type":"branch","line":1,"loc":{"start":{"line":1,"column":0},"end":{"line":12,"column":1}},"locations":[{"start":{"line":1,"column":0},"end":{"line":12,"column":1}}]},"1":{"type":"branch","line":6,"loc":{"start":{"line":6,"column":2},"end":{"line":11,"column":3}},"locations":[{"start":{"line":6,"column":2},"end":{"line":11,"column":3}}]}},"b":{"0":[2],"1":[6]},"fnMap":{"0":{"name":"Candidate","decl":{"start":{"line":6,"column":2},"end":{"line":11,"column":3}},"loc":{"start":{"line":6,"column":2},"end":{"line":11,"column":3}},"line":6}},"f":{"0":6}}
,"D:\\project\\UnityRenderStreaming\\WebApp\\src\\class\\httphandler.ts": {"path":"D:\\project\\UnityRenderStreaming\\WebApp\\src\\class\\httphandler.ts","all":false,"statementMap":{"0":{"start":{"line":1,"column":0},"end":{"line":1,"column":44}},"1":{"start":{"line":2,"column":0},"end":{"line":2,"column":28}},"2":{"start":{"line":3,"column":0},"end":{"line":3,"column":30}},"3":{"start":{"line":4,"column":0},"end":{"line":4,"column":36}},"4":{"start":{"line":5,"column":0},"end":{"line":5,"column":34}},"5":{"start":{"line":6,"column":0},"end":{"line":6,"column":0}},"6":{"start":{"line":7,"column":0},"end":{"line":7,"column":21}},"7":{"start":{"line":8,"column":0},"end":{"line":8,"column":13}},"8":{"start":{"line":9,"column":0},"end":{"line":9,"column":19}},"9":{"start":{"line":10,"column":0},"end":{"line":10,"column":45}},"10":{"start":{"line":11,"column":0},"end":{"line":11,"column":17}},"11":{"start":{"line":12,"column":0},"end":{"line":12,"column":29}},"12":{"start":{"line":13,"column":0},"end":{"line":13,"column":3}},"13":{"start":{"line":14,"column":0},"end":{"line":14,"column":1}},"14":{"start":{"line":15,"column":0},"end":{"line":15,"column":0}},"15":{"start":{"line":16,"column":0},"end":{"line":16,"column":44}},"16":{"start":{"line":17,"column":0},"end":{"line":17,"column":0}},"17":{"start":{"line":18,"column":0},"end":{"line":18,"column":23}},"18":{"start":{"line":19,"column":0},"end":{"line":19,"column":0}},"19":{"start":{"line":20,"column":0},"end":{"line":20,"column":34}},"20":{"start":{"line":21,"column":0},"end":{"line":21,"column":73}},"21":{"start":{"line":22,"column":0},"end":{"line":22,"column":0}},"22":{"start":{"line":23,"column":0},"end":{"line":23,"column":20}},"23":{"start":{"line":24,"column":0},"end":{"line":24,"column":73}},"24":{"start":{"line":25,"column":0},"end":{"line":25,"column":0}},"25":{"start":{"line":26,"column":0},"end":{"line":26,"column":44}},"26":{"start":{"line":27,"column":0},"end":{"line":27,"column":112}},"27":{"start":{"line":28,"column":0},"end":{"line":28,"column":0}},"28":{"start":{"line":29,"column":0},"end":{"line":29,"column":43}},"29":{"start":{"line":30,"column":0},"end":{"line":30,"column":105}},"30":{"start":{"line":31,"column":0},"end":{"line":31,"column":0}},"31":{"start":{"line":32,"column":0},"end":{"line":32,"column":44}},"32":{"start":{"line":33,"column":0},"end":{"line":33,"column":108}},"33":{"start":{"line":34,"column":0},"end":{"line":34,"column":0}},"34":{"start":{"line":35,"column":0},"end":{"line":35,"column":47}},"35":{"start":{"line":36,"column":0},"end":{"line":36,"column":121}},"36":{"start":{"line":37,"column":0},"end":{"line":37,"column":0}},"37":{"start":{"line":38,"column":0},"end":{"line":38,"column":36}},"38":{"start":{"line":39,"column":0},"end":{"line":39,"column":107}},"39":{"start":{"line":40,"column":0},"end":{"line":40,"column":0}},"40":{"start":{"line":41,"column":0},"end":{"line":41,"column":67}},"41":{"start":{"line":42,"column":0},"end":{"line":42,"column":27}},"42":{"start":{"line":43,"column":0},"end":{"line":43,"column":32}},"43":{"start":{"line":44,"column":0},"end":{"line":44,"column":38}},"44":{"start":{"line":45,"column":0},"end":{"line":45,"column":42}},"45":{"start":{"line":46,"column":0},"end":{"line":46,"column":3}},"46":{"start":{"line":47,"column":0},"end":{"line":47,"column":41}},"47":{"start":{"line":48,"column":0},"end":{"line":48,"column":23}},"48":{"start":{"line":49,"column":0},"end":{"line":49,"column":1}},"49":{"start":{"line":50,"column":0},"end":{"line":50,"column":0}},"50":{"start":{"line":51,"column":0},"end":{"line":51,"column":36}},"51":{"start":{"line":52,"column":0},"end":{"line":52,"column":32}},"52":{"start":{"line":53,"column":0},"end":{"line":53,"column":18}},"53":{"start":{"line":54,"column":0},"end":{"line":54,"column":25}},"54":{"start":{"line":55,"column":0},"end":{"line":55,"column":17}},"55":{"start":{"line":56,"column":0},"end":{"line":56,"column":18}},"56":{"start":{"line":57,"column":0},"end":{"line":57,"column":21}},"57":{"start":{"line":58,"column":0},"end":{"line":58,"column":25}},"58":{"start":{"line":59,"column":0},"end":{"line":59,"column":1}},"59":{"start":{"line":60,"column":0},"end":{"line":60,"column":0}},"60":{"start":{"line":61,"column":0},"end":{"line":61,"column":66}},"61":{"start":{"line":62,"column":0},"end":{"line":62,"column":24}},"62":{"start":{"line":63,"column":0},"end":{"line":63,"column":11}},"63":{"start":{"line":64,"column":0},"end":{"line":64,"column":11}},"64":{"start":{"line":65,"column":0},"end":{"line":65,"column":3}},"65":{"start":{"line":66,"column":0},"end":{"line":66,"column":46}},"66":{"start":{"line":67,"column":0},"end":{"line":67,"column":25}},"67":{"start":{"line":68,"column":0},"end":{"line":68,"column":24}},"68":{"start":{"line":69,"column":0},"end":{"line":69,"column":11}},"69":{"start":{"line":70,"column":0},"end":{"line":70,"column":3}},"70":{"start":{"line":71,"column":0},"end":{"line":71,"column":40}},"71":{"start":{"line":72,"column":0},"end":{"line":72,"column":9}},"72":{"start":{"line":73,"column":0},"end":{"line":73,"column":1}},"73":{"start":{"line":74,"column":0},"end":{"line":74,"column":0}},"74":{"start":{"line":75,"column":0},"end":{"line":75,"column":67}},"75":{"start":{"line":76,"column":0},"end":{"line":76,"column":46}},"76":{"start":{"line":77,"column":0},"end":{"line":77,"column":0}},"77":{"start":{"line":78,"column":0},"end":{"line":78,"column":17}},"78":{"start":{"line":79,"column":0},"end":{"line":79,"column":43}},"79":{"start":{"line":80,"column":0},"end":{"line":80,"column":52}},"80":{"start":{"line":81,"column":0},"end":{"line":81,"column":70}},"81":{"start":{"line":82,"column":0},"end":{"line":82,"column":27}},"82":{"start":{"line":83,"column":0},"end":{"line":83,"column":42}},"83":{"start":{"line":84,"column":0},"end":{"line":84,"column":59}},"84":{"start":{"line":85,"column":0},"end":{"line":85,"column":60}},"85":{"start":{"line":86,"column":0},"end":{"line":86,"column":67}},"86":{"start":{"line":87,"column":0},"end":{"line":87,"column":9}},"87":{"start":{"line":88,"column":0},"end":{"line":88,"column":7}},"88":{"start":{"line":89,"column":0},"end":{"line":89,"column":5}},"89":{"start":{"line":90,"column":0},"end":{"line":90,"column":10}},"90":{"start":{"line":91,"column":0},"end":{"line":91,"column":43}},"91":{"start":{"line":92,"column":0},"end":{"line":92,"column":26}},"92":{"start":{"line":93,"column":0},"end":{"line":93,"column":15}},"93":{"start":{"line":94,"column":0},"end":{"line":94,"column":62}},"94":{"start":{"line":95,"column":0},"end":{"line":95,"column":7}},"95":{"start":{"line":96,"column":0},"end":{"line":96,"column":3}},"96":{"start":{"line":97,"column":0},"end":{"line":97,"column":0}},"97":{"start":{"line":98,"column":0},"end":{"line":98,"column":38}},"98":{"start":{"line":99,"column":0},"end":{"line":99,"column":45}},"99":{"start":{"line":100,"column":0},"end":{"line":100,"column":46}},"100":{"start":{"line":101,"column":0},"end":{"line":101,"column":49}},"101":{"start":{"line":102,"column":0},"end":{"line":102,"column":0}},"102":{"start":{"line":103,"column":0},"end":{"line":103,"column":47}},"103":{"start":{"line":104,"column":0},"end":{"line":104,"column":59}},"104":{"start":{"line":105,"column":0},"end":{"line":105,"column":1}},"105":{"start":{"line":106,"column":0},"end":{"line":106,"column":0}},"106":{"start":{"line":107,"column":0},"end":{"line":107,"column":44}},"107":{"start":{"line":108,"column":0},"end":{"line":108,"column":30}},"108":{"start":{"line":109,"column":0},"end":{"line":109,"column":67}},"109":{"start":{"line":110,"column":0},"end":{"line":110,"column":49}},"110":{"start":{"line":111,"column":0},"end":{"line":111,"column":5}},"111":{"start":{"line":112,"column":0},"end":{"line":112,"column":3}},"112":{"start":{"line":113,"column":0},"end":{"line":113,"column":27}},"113":{"start":{"line":114,"column":0},"end":{"line":114,"column":28}},"114":{"start":{"line":115,"column":0},"end":{"line":115,"column":31}},"115":{"start":{"line":116,"column":0},"end":{"line":116,"column":28}},"116":{"start":{"line":117,"column":0},"end":{"line":117,"column":35}},"117":{"start":{"line":118,"column":0},"end":{"line":118,"column":1}},"118":{"start":{"line":119,"column":0},"end":{"line":119,"column":0}},"119":{"start":{"line":120,"column":0},"end":{"line":120,"column":44}},"120":{"start":{"line":121,"column":0},"end":{"line":121,"column":53}},"121":{"start":{"line":122,"column":0},"end":{"line":122,"column":3}},"122":{"start":{"line":123,"column":0},"end":{"line":123,"column":41}},"123":{"start":{"line":124,"column":0},"end":{"line":124,"column":15}},"124":{"start":{"line":125,"column":0},"end":{"line":125,"column":76}},"125":{"start":{"line":126,"column":0},"end":{"line":126,"column":15}},"126":{"start":{"line":127,"column":0},"end":{"line":127,"column":30}},"127":{"start":{"line":128,"column":0},"end":{"line":128,"column":27}},"128":{"start":{"line":129,"column":0},"end":{"line":129,"column":3}},"129":{"start":{"line":130,"column":0},"end":{"line":130,"column":1}},"130":{"start":{"line":131,"column":0},"end":{"line":131,"column":0}},"131":{"start":{"line":132,"column":0},"end":{"line":132,"column":54}},"132":{"start":{"line":133,"column":0},"end":{"line":133,"column":30}},"133":{"start":{"line":134,"column":0},"end":{"line":134,"column":44}},"134":{"start":{"line":135,"column":0},"end":{"line":135,"column":1}},"135":{"start":{"line":136,"column":0},"end":{"line":136,"column":0}},"136":{"start":{"line":137,"column":0},"end":{"line":137,"column":82}},"137":{"start":{"line":138,"column":0},"end":{"line":138,"column":30}},"138":{"start":{"line":139,"column":0},"end":{"line":139,"column":48}},"139":{"start":{"line":140,"column":0},"end":{"line":140,"column":66}},"140":{"start":{"line":141,"column":0},"end":{"line":141,"column":56}},"141":{"start":{"line":142,"column":0},"end":{"line":142,"column":3}},"142":{"start":{"line":143,"column":0},"end":{"line":143,"column":0}},"143":{"start":{"line":144,"column":0},"end":{"line":144,"column":21}},"144":{"start":{"line":145,"column":0},"end":{"line":145,"column":83}},"145":{"start":{"line":146,"column":0},"end":{"line":146,"column":3}},"146":{"start":{"line":147,"column":0},"end":{"line":147,"column":29}},"147":{"start":{"line":148,"column":0},"end":{"line":148,"column":1}},"148":{"start":{"line":149,"column":0},"end":{"line":149,"column":0}},"149":{"start":{"line":150,"column":0},"end":{"line":150,"column":76}},"150":{"start":{"line":151,"column":0},"end":{"line":151,"column":42}},"151":{"start":{"line":152,"column":0},"end":{"line":152,"column":0}},"152":{"start":{"line":153,"column":0},"end":{"line":153,"column":25}},"153":{"start":{"line":154,"column":0},"end":{"line":154,"column":20}},"154":{"start":{"line":155,"column":0},"end":{"line":155,"column":34}},"155":{"start":{"line":156,"column":0},"end":{"line":156,"column":56}},"156":{"start":{"line":157,"column":0},"end":{"line":157,"column":7}},"157":{"start":{"line":158,"column":0},"end":{"line":158,"column":12}},"158":{"start":{"line":159,"column":0},"end":{"line":159,"column":80}},"159":{"start":{"line":160,"column":0},"end":{"line":160,"column":104}},"160":{"start":{"line":161,"column":0},"end":{"line":161,"column":5}},"161":{"start":{"line":162,"column":0},"end":{"line":162,"column":3}},"162":{"start":{"line":163,"column":0},"end":{"line":163,"column":0}},"163":{"start":{"line":164,"column":0},"end":{"line":164,"column":21}},"164":{"start":{"line":165,"column":0},"end":{"line":165,"column":70}},"165":{"start":{"line":166,"column":0},"end":{"line":166,"column":3}},"166":{"start":{"line":167,"column":0},"end":{"line":167,"column":21}},"167":{"start":{"line":168,"column":0},"end":{"line":168,"column":1}},"168":{"start":{"line":169,"column":0},"end":{"line":169,"column":0}},"169":{"start":{"line":170,"column":0},"end":{"line":170,"column":78}},"170":{"start":{"line":171,"column":0},"end":{"line":171,"column":44}},"171":{"start":{"line":172,"column":0},"end":{"line":172,"column":0}},"172":{"start":{"line":173,"column":0},"end":{"line":173,"column":52}},"173":{"start":{"line":174,"column":0},"end":{"line":174,"column":54}},"174":{"start":{"line":175,"column":0},"end":{"line":175,"column":3}},"175":{"start":{"line":176,"column":0},"end":{"line":176,"column":0}},"176":{"start":{"line":177,"column":0},"end":{"line":177,"column":21}},"177":{"start":{"line":178,"column":0},"end":{"line":178,"column":72}},"178":{"start":{"line":179,"column":0},"end":{"line":179,"column":3}},"179":{"start":{"line":180,"column":0},"end":{"line":180,"column":22}},"180":{"start":{"line":181,"column":0},"end":{"line":181,"column":1}},"181":{"start":{"line":182,"column":0},"end":{"line":182,"column":0}},"182":{"start":{"line":183,"column":0},"end":{"line":183,"column":84}},"183":{"start":{"line":184,"column":0},"end":{"line":184,"column":59}},"184":{"start":{"line":185,"column":0},"end":{"line":185,"column":40}},"185":{"start":{"line":186,"column":0},"end":{"line":186,"column":45}},"186":{"start":{"line":187,"column":0},"end":{"line":187,"column":50}},"187":{"start":{"line":188,"column":0},"end":{"line":188,"column":23}},"188":{"start":{"line":189,"column":0},"end":{"line":189,"column":15}},"189":{"start":{"line":190,"column":0},"end":{"line":190,"column":5}},"190":{"start":{"line":191,"column":0},"end":{"line":191,"column":69}},"191":{"start":{"line":192,"column":0},"end":{"line":192,"column":95}},"192":{"start":{"line":193,"column":0},"end":{"line":193,"column":15}},"193":{"start":{"line":194,"column":0},"end":{"line":194,"column":5}},"194":{"start":{"line":195,"column":0},"end":{"line":195,"column":76}},"195":{"start":{"line":196,"column":0},"end":{"line":196,"column":44}},"196":{"start":{"line":197,"column":0},"end":{"line":197,"column":39}},"197":{"start":{"line":198,"column":0},"end":{"line":198,"column":15}},"198":{"start":{"line":199,"column":0},"end":{"line":199,"column":5}},"199":{"start":{"line":200,"column":0},"end":{"line":200,"column":46}},"200":{"start":{"line":201,"column":0},"end":{"line":201,"column":42}},"201":{"start":{"line":202,"column":0},"end":{"line":202,"column":5}},"202":{"start":{"line":203,"column":0},"end":{"line":203,"column":3}},"203":{"start":{"line":204,"column":0},"end":{"line":204,"column":13}},"204":{"start":{"line":205,"column":0},"end":{"line":205,"column":1}},"205":{"start":{"line":206,"column":0},"end":{"line":206,"column":0}},"206":{"start":{"line":207,"column":0},"end":{"line":207,"column":55}},"207":{"start":{"line":208,"column":0},"end":{"line":208,"column":48}},"208":{"start":{"line":209,"column":0},"end":{"line":209,"column":79}},"209":{"start":{"line":210,"column":0},"end":{"line":210,"column":53}},"210":{"start":{"line":211,"column":0},"end":{"line":211,"column":70}},"211":{"start":{"line":212,"column":0},"end":{"line":212,"column":126}},"212":{"start":{"line":213,"column":0},"end":{"line":213,"column":1}},"213":{"start":{"line":214,"column":0},"end":{"line":214,"column":0}},"214":{"start":{"line":215,"column":0},"end":{"line":215,"column":59}},"215":{"start":{"line":216,"column":0},"end":{"line":216,"column":48}},"216":{"start":{"line":217,"column":0},"end":{"line":217,"column":53}},"217":{"start":{"line":218,"column":0},"end":{"line":218,"column":48}},"218":{"start":{"line":219,"column":0},"end":{"line":219,"column":114}},"219":{"start":{"line":220,"column":0},"end":{"line":220,"column":1}},"220":{"start":{"line":221,"column":0},"end":{"line":221,"column":0}},"221":{"start":{"line":222,"column":0},"end":{"line":222,"column":54}},"222":{"start":{"line":223,"column":0},"end":{"line":223,"column":48}},"223":{"start":{"line":224,"column":0},"end":{"line":224,"column":79}},"224":{"start":{"line":225,"column":0},"end":{"line":225,"column":53}},"225":{"start":{"line":226,"column":0},"end":{"line":226,"column":48}},"226":{"start":{"line":227,"column":0},"end":{"line":227,"column":144}},"227":{"start":{"line":228,"column":0},"end":{"line":228,"column":1}},"228":{"start":{"line":229,"column":0},"end":{"line":229,"column":0}},"229":{"start":{"line":230,"column":0},"end":{"line":230,"column":58}},"230":{"start":{"line":231,"column":0},"end":{"line":231,"column":48}},"231":{"start":{"line":232,"column":0},"end":{"line":232,"column":79}},"232":{"start":{"line":233,"column":0},"end":{"line":233,"column":53}},"233":{"start":{"line":234,"column":0},"end":{"line":234,"column":56}},"234":{"start":{"line":235,"column":0},"end":{"line":235,"column":203}},"235":{"start":{"line":236,"column":0},"end":{"line":236,"column":1}},"236":{"start":{"line":237,"column":0},"end":{"line":237,"column":0}},"237":{"start":{"line":238,"column":0},"end":{"line":238,"column":52}},"238":{"start":{"line":239,"column":0},"end":{"line":239,"column":79}},"239":{"start":{"line":240,"column":0},"end":{"line":240,"column":53}},"240":{"start":{"line":241,"column":0},"end":{"line":241,"column":48}},"241":{"start":{"line":242,"column":0},"end":{"line":242,"column":48}},"242":{"start":{"line":243,"column":0},"end":{"line":243,"column":70}},"243":{"start":{"line":244,"column":0},"end":{"line":244,"column":79}},"244":{"start":{"line":245,"column":0},"end":{"line":245,"column":81}},"245":{"start":{"line":246,"column":0},"end":{"line":246,"column":0}},"246":{"start":{"line":247,"column":0},"end":{"line":247,"column":24}},"247":{"start":{"line":248,"column":0},"end":{"line":248,"column":0}},"248":{"start":{"line":249,"column":0},"end":{"line":249,"column":109}},"249":{"start":{"line":250,"column":0},"end":{"line":250,"column":144}},"250":{"start":{"line":251,"column":0},"end":{"line":251,"column":125}},"251":{"start":{"line":252,"column":0},"end":{"line":252,"column":199}},"252":{"start":{"line":253,"column":0},"end":{"line":253,"column":118}},"253":{"start":{"line":254,"column":0},"end":{"line":254,"column":0}},"254":{"start":{"line":255,"column":0},"end":{"line":255,"column":48}},"255":{"start":{"line":256,"column":0},"end":{"line":256,"column":32}},"256":{"start":{"line":257,"column":0},"end":{"line":257,"column":1}},"257":{"start":{"line":258,"column":0},"end":{"line":258,"column":0}},"258":{"start":{"line":259,"column":0},"end":{"line":259,"column":63}},"259":{"start":{"line":260,"column":0},"end":{"line":260,"column":58}},"260":{"start":{"line":261,"column":0},"end":{"line":261,"column":0}},"261":{"start":{"line":262,"column":0},"end":{"line":262,"column":68}},"262":{"start":{"line":263,"column":0},"end":{"line":263,"column":67}},"263":{"start":{"line":264,"column":0},"end":{"line":264,"column":44}},"264":{"start":{"line":265,"column":0},"end":{"line":265,"column":50}},"265":{"start":{"line":266,"column":0},"end":{"line":266,"column":52}},"266":{"start":{"line":267,"column":0},"end":{"line":267,"column":60}},"267":{"start":{"line":268,"column":0},"end":{"line":268,"column":36}},"268":{"start":{"line":269,"column":0},"end":{"line":269,"column":37}},"269":{"start":{"line":270,"column":0},"end":{"line":270,"column":1}},"270":{"start":{"line":271,"column":0},"end":{"line":271,"column":0}},"271":{"start":{"line":272,"column":0},"end":{"line":272,"column":59}},"272":{"start":{"line":273,"column":0},"end":{"line":273,"column":46}},"273":{"start":{"line":274,"column":0},"end":{"line":274,"column":21}},"274":{"start":{"line":275,"column":0},"end":{"line":275,"column":22}},"275":{"start":{"line":276,"column":0},"end":{"line":276,"column":1}},"276":{"start":{"line":277,"column":0},"end":{"line":277,"column":0}},"277":{"start":{"line":278,"column":0},"end":{"line":278,"column":62}},"278":{"start":{"line":279,"column":0},"end":{"line":279,"column":53}},"279":{"start":{"line":280,"column":0},"end":{"line":280,"column":36}},"280":{"start":{"line":281,"column":0},"end":{"line":281,"column":29}},"281":{"start":{"line":282,"column":0},"end":{"line":282,"column":75}},"282":{"start":{"line":283,"column":0},"end":{"line":283,"column":11}},"283":{"start":{"line":284,"column":0},"end":{"line":284,"column":3}},"284":{"start":{"line":285,"column":0},"end":{"line":285,"column":20}},"285":{"start":{"line":286,"column":0},"end":{"line":286,"column":18}},"286":{"start":{"line":287,"column":0},"end":{"line":287,"column":43}},"287":{"start":{"line":288,"column":0},"end":{"line":288,"column":52}},"288":{"start":{"line":289,"column":0},"end":{"line":289,"column":0}},"289":{"start":{"line":290,"column":0},"end":{"line":290,"column":47}},"290":{"start":{"line":291,"column":0},"end":{"line":291,"column":86}},"291":{"start":{"line":292,"column":0},"end":{"line":292,"column":25}},"292":{"start":{"line":293,"column":0},"end":{"line":293,"column":45}},"293":{"start":{"line":294,"column":0},"end":{"line":294,"column":15}},"294":{"start":{"line":295,"column":0},"end":{"line":295,"column":35}},"295":{"start":{"line":296,"column":0},"end":{"line":296,"column":63}},"296":{"start":{"line":297,"column":0},"end":{"line":297,"column":54}},"297":{"start":{"line":298,"column":0},"end":{"line":298,"column":30}},"298":{"start":{"line":299,"column":0},"end":{"line":299,"column":7}},"299":{"start":{"line":300,"column":0},"end":{"line":300,"column":12}},"300":{"start":{"line":301,"column":0},"end":{"line":301,"column":58}},"301":{"start":{"line":302,"column":0},"end":{"line":302,"column":21}},"302":{"start":{"line":303,"column":0},"end":{"line":303,"column":5}},"303":{"start":{"line":304,"column":0},"end":{"line":304,"column":3}},"304":{"start":{"line":305,"column":0},"end":{"line":305,"column":0}},"305":{"start":{"line":306,"column":0},"end":{"line":306,"column":60}},"306":{"start":{"line":307,"column":0},"end":{"line":307,"column":34}},"307":{"start":{"line":308,"column":0},"end":{"line":308,"column":98}},"308":{"start":{"line":309,"column":0},"end":{"line":309,"column":1}},"309":{"start":{"line":310,"column":0},"end":{"line":310,"column":0}},"310":{"start":{"line":311,"column":0},"end":{"line":311,"column":62}},"311":{"start":{"line":312,"column":0},"end":{"line":312,"column":53}},"312":{"start":{"line":313,"column":0},"end":{"line":313,"column":36}},"313":{"start":{"line":314,"column":0},"end":{"line":314,"column":0}},"314":{"start":{"line":315,"column":0},"end":{"line":315,"column":45}},"315":{"start":{"line":316,"column":0},"end":{"line":316,"column":0}},"316":{"start":{"line":317,"column":0},"end":{"line":317,"column":43}},"317":{"start":{"line":318,"column":0},"end":{"line":318,"column":1}},"318":{"start":{"line":319,"column":0},"end":{"line":319,"column":0}},"319":{"start":{"line":320,"column":0},"end":{"line":320,"column":55}},"320":{"start":{"line":321,"column":0},"end":{"line":321,"column":53}},"321":{"start":{"line":322,"column":0},"end":{"line":322,"column":36}},"322":{"start":{"line":323,"column":0},"end":{"line":323,"column":26}},"323":{"start":{"line":324,"column":0},"end":{"line":324,"column":21}},"324":{"start":{"line":325,"column":0},"end":{"line":325,"column":0}},"325":{"start":{"line":326,"column":0},"end":{"line":326,"column":18}},"326":{"start":{"line":327,"column":0},"end":{"line":327,"column":43}},"327":{"start":{"line":328,"column":0},"end":{"line":328,"column":52}},"328":{"start":{"line":329,"column":0},"end":{"line":329,"column":62}},"329":{"start":{"line":330,"column":0},"end":{"line":330,"column":33}},"330":{"start":{"line":331,"column":0},"end":{"line":331,"column":22}},"331":{"start":{"line":332,"column":0},"end":{"line":332,"column":45}},"332":{"start":{"line":333,"column":0},"end":{"line":333,"column":75}},"333":{"start":{"line":334,"column":0},"end":{"line":334,"column":7}},"334":{"start":{"line":335,"column":0},"end":{"line":335,"column":5}},"335":{"start":{"line":336,"column":0},"end":{"line":336,"column":24}},"336":{"start":{"line":337,"column":0},"end":{"line":337,"column":11}},"337":{"start":{"line":338,"column":0},"end":{"line":338,"column":3}},"338":{"start":{"line":339,"column":0},"end":{"line":339,"column":0}},"339":{"start":{"line":340,"column":0},"end":{"line":340,"column":39}},"340":{"start":{"line":341,"column":0},"end":{"line":341,"column":3}},"341":{"start":{"line":342,"column":0},"end":{"line":342,"column":56}},"342":{"start":{"line":343,"column":0},"end":{"line":343,"column":3}},"343":{"start":{"line":344,"column":0},"end":{"line":344,"column":0}},"344":{"start":{"line":345,"column":0},"end":{"line":345,"column":27}},"345":{"start":{"line":346,"column":0},"end":{"line":346,"column":39}},"346":{"start":{"line":347,"column":0},"end":{"line":347,"column":69}},"347":{"start":{"line":348,"column":0},"end":{"line":348,"column":0}},"348":{"start":{"line":349,"column":0},"end":{"line":349,"column":22}},"349":{"start":{"line":350,"column":0},"end":{"line":350,"column":1}},"350":{"start":{"line":351,"column":0},"end":{"line":351,"column":0}},"351":{"start":{"line":352,"column":0},"end":{"line":352,"column":56}},"352":{"start":{"line":353,"column":0},"end":{"line":353,"column":53}},"353":{"start":{"line":354,"column":0},"end":{"line":354,"column":36}},"354":{"start":{"line":355,"column":0},"end":{"line":355,"column":60}},"355":{"start":{"line":356,"column":0},"end":{"line":356,"column":34}},"356":{"start":{"line":357,"column":0},"end":{"line":357,"column":0}},"357":{"start":{"line":358,"column":0},"end":{"line":358,"column":42}},"358":{"start":{"line":359,"column":0},"end":{"line":359,"column":24}},"359":{"start":{"line":360,"column":0},"end":{"line":360,"column":11}},"360":{"start":{"line":361,"column":0},"end":{"line":361,"column":3}},"361":{"start":{"line":362,"column":0},"end":{"line":362,"column":0}},"362":{"start":{"line":363,"column":0},"end":{"line":363,"column":23}},"363":{"start":{"line":364,"column":0},"end":{"line":364,"column":48}},"364":{"start":{"line":365,"column":0},"end":{"line":365,"column":66}},"365":{"start":{"line":366,"column":0},"end":{"line":366,"column":37}},"366":{"start":{"line":367,"column":0},"end":{"line":367,"column":22}},"367":{"start":{"line":368,"column":0},"end":{"line":368,"column":24}},"368":{"start":{"line":369,"column":0},"end":{"line":369,"column":11}},"369":{"start":{"line":370,"column":0},"end":{"line":370,"column":3}},"370":{"start":{"line":371,"column":0},"end":{"line":371,"column":0}},"371":{"start":{"line":372,"column":0},"end":{"line":372,"column":19}},"372":{"start":{"line":373,"column":0},"end":{"line":373,"column":66}},"373":{"start":{"line":374,"column":0},"end":{"line":374,"column":3}},"374":{"start":{"line":375,"column":0},"end":{"line":375,"column":0}},"375":{"start":{"line":376,"column":0},"end":{"line":376,"column":42}},"376":{"start":{"line":377,"column":0},"end":{"line":377,"column":62}},"377":{"start":{"line":378,"column":0},"end":{"line":378,"column":0}},"378":{"start":{"line":379,"column":0},"end":{"line":379,"column":35}},"379":{"start":{"line":380,"column":0},"end":{"line":380,"column":55}},"380":{"start":{"line":381,"column":0},"end":{"line":381,"column":22}},"381":{"start":{"line":382,"column":0},"end":{"line":382,"column":60}},"382":{"start":{"line":383,"column":0},"end":{"line":383,"column":26}},"383":{"start":{"line":384,"column":0},"end":{"line":384,"column":48}},"384":{"start":{"line":385,"column":0},"end":{"line":385,"column":40}},"385":{"start":{"line":386,"column":0},"end":{"line":386,"column":7}},"386":{"start":{"line":387,"column":0},"end":{"line":387,"column":5}},"387":{"start":{"line":388,"column":0},"end":{"line":388,"column":3}},"388":{"start":{"line":389,"column":0},"end":{"line":389,"column":22}},"389":{"start":{"line":390,"column":0},"end":{"line":390,"column":1}},"390":{"start":{"line":391,"column":0},"end":{"line":391,"column":0}},"391":{"start":{"line":392,"column":0},"end":{"line":392,"column":59}},"392":{"start":{"line":393,"column":0},"end":{"line":393,"column":53}},"393":{"start":{"line":394,"column":0},"end":{"line":394,"column":36}},"394":{"start":{"line":395,"column":0},"end":{"line":395,"column":0}},"395":{"start":{"line":396,"column":0},"end":{"line":396,"column":40}},"396":{"start":{"line":397,"column":0},"end":{"line":397,"column":31}},"397":{"start":{"line":398,"column":0},"end":{"line":398,"column":30}},"398":{"start":{"line":399,"column":0},"end":{"line":399,"column":3}},"399":{"start":{"line":400,"column":0},"end":{"line":400,"column":36}},"400":{"start":{"line":401,"column":0},"end":{"line":401,"column":107}},"401":{"start":{"line":402,"column":0},"end":{"line":402,"column":22}},"402":{"start":{"line":403,"column":0},"end":{"line":403,"column":22}},"403":{"start":{"line":404,"column":0},"end":{"line":404,"column":1}},"404":{"start":{"line":405,"column":0},"end":{"line":405,"column":0}},"405":{"start":{"line":406,"column":0},"end":{"line":406,"column":195}}},"s":{"0":1,"1":1,"2":1,"3":1,"4":1,"5":1,"6":1,"7":1,"8":1,"9":1,"10":22,"11":22,"12":22,"13":1,"14":1,"15":1,"16":1,"17":1,"18":1,"19":1,"20":1,"21":1,"22":1,"23":1,"24":1,"25":1,"26":1,"27":1,"28":1,"29":1,"30":1,"31":1,"32":1,"33":1,"34":1,"35":1,"36":1,"37":1,"38":1,"39":1,"40":17,"41":17,"42":17,"43":0,"44":0,"45":0,"46":17,"47":17,"48":17,"49":1,"50":6,"51":6,"52":6,"53":6,"54":6,"55":6,"56":6,"57":6,"58":6,"59":1,"60":130,"61":130,"62":0,"63":0,"64":0,"65":130,"66":130,"67":25,"68":25,"69":25,"70":105,"71":105,"72":105,"73":1,"74":13,"75":13,"76":13,"77":13,"78":4,"79":2,"80":2,"81":2,"82":2,"83":2,"84":2,"85":2,"86":2,"87":2,"88":2,"89":13,"90":9,"91":16,"92":16,"93":7,"94":9,"95":9,"96":13,"97":13,"98":13,"99":13,"100":13,"101":13,"102":13,"103":13,"104":13,"105":1,"106":13,"107":13,"108":13,"109":7,"110":7,"111":13,"112":13,"113":13,"114":13,"115":13,"116":13,"117":13,"118":1,"119":39,"120":39,"121":39,"122":81,"123":81,"124":79,"125":79,"126":3,"127":3,"128":3,"129":39,"130":1,"131":21,"132":21,"133":21,"134":21,"135":1,"136":18,"137":18,"138":18,"139":18,"140":18,"141":18,"142":18,"143":18,"144":0,"145":0,"146":18,"147":18,"148":1,"149":22,"150":22,"151":22,"152":22,"153":22,"154":6,"155":6,"156":6,"157":22,"158":16,"159":16,"160":16,"161":22,"162":22,"163":22,"164":0,"165":0,"166":22,"167":22,"168":1,"169":22,"170":22,"171":22,"172":22,"173":22,"174":22,"175":22,"176":22,"177":0,"178":0,"179":22,"180":22,"181":1,"182":22,"183":22,"184":22,"185":22,"186":15,"187":15,"188":6,"189":6,"190":15,"191":15,"192":7,"193":7,"194":2,"195":2,"196":15,"197":0,"198":0,"199":2,"200":2,"201":2,"202":15,"203":22,"204":22,"205":1,"206":4,"207":4,"208":4,"209":4,"210":4,"211":4,"212":4,"213":1,"214":3,"215":3,"216":3,"217":3,"218":3,"219":3,"220":1,"221":4,"222":4,"223":4,"224":4,"225":4,"226":4,"227":4,"228":1,"229":4,"230":4,"231":4,"232":4,"233":4,"234":4,"235":4,"236":1,"237":18,"238":18,"239":18,"240":18,"241":18,"242":18,"243":18,"244":18,"245":18,"246":18,"247":18,"248":18,"249":18,"250":18,"251":18,"252":18,"253":18,"254":18,"255":18,"256":18,"257":1,"258":1,"259":1,"260":1,"261":14,"262":14,"263":14,"264":14,"265":14,"266":14,"267":14,"268":14,"269":14,"270":1,"271":10,"272":10,"273":10,"274":10,"275":10,"276":1,"277":11,"278":11,"279":11,"280":11,"281":1,"282":1,"283":1,"284":10,"285":11,"286":5,"287":3,"288":3,"289":3,"290":1,"291":1,"292":1,"293":1,"294":3,"295":2,"296":2,"297":2,"298":2,"299":5,"300":2,"301":2,"302":2,"303":5,"304":9,"305":9,"306":9,"307":9,"308":9,"309":1,"310":6,"311":6,"312":6,"313":6,"314":6,"315":6,"316":6,"317":6,"318":1,"319":7,"320":7,"321":7,"322":7,"323":7,"324":7,"325":7,"326":2,"327":2,"328":2,"329":2,"330":2,"331":2,"332":2,"333":2,"334":2,"335":2,"336":2,"337":2,"338":5,"339":5,"340":7,"341":4,"342":4,"343":5,"344":5,"345":5,"346":5,"347":5,"348":5,"349":5,"350":1,"351":6,"352":6,"353":6,"354":6,"355":6,"356":6,"357":6,"358":2,"359":2,"360":2,"361":4,"362":4,"363":4,"364":6,"365":6,"366":0,"367":0,"368":0,"369":0,"370":4,"371":6,"372":3,"373":3,"374":4,"375":4,"376":4,"377":4,"378":4,"379":4,"380":4,"381":4,"382":4,"383":0,"384":0,"385":0,"386":0,"387":4,"388":4,"389":4,"390":1,"391":2,"392":2,"393":2,"394":2,"395":2,"396":2,"397":2,"398":2,"399":2,"400":2,"401":2,"402":2,"403":2,"404":1,"405":1},"branchMap":{"0":{"type":"branch","line":7,"loc":{"start":{"line":7,"column":0},"end":{"line":14,"column":1}},"locations":[{"start":{"line":7,"column":0},"end":{"line":14,"column":1}}]},"1":{"type":"branch","line":10,"loc":{"start":{"line":10,"column":2},"end":{"line":13,"column":3}},"locations":[{"start":{"line":10,"column":2},"end":{"line":13,"column":3}}]},"2":{"type":"branch","line":41,"loc":{"start":{"line":41,"column":0},"end":{"line":49,"column":1}},"locations":[{"start":{"line":41,"column":0},"end":{"line":49,"column":1}}]},"3":{"type":"branch","line":43,"loc":{"start":{"line":43,"column":31},"end":{"line":46,"column":3}},"locations":[{"start":{"line":43,"column":31},"end":{"line":46,"column":3}}]},"4":{"type":"branch","line":51,"loc":{"start":{"line":51,"column":0},"end":{"line":59,"column":1}},"locations":[{"start":{"line":51,"column":0},"end":{"line":59,"column":1}}]},"5":{"type":"branch","line":61,"loc":{"start":{"line":61,"column":0},"end":{"line":73,"column":1}},"locations":[{"start":{"line":61,"column":0},"end":{"line":73,"column":1}}]},"6":{"type":"branch","line":62,"loc":{"start":{"line":62,"column":23},"end":{"line":65,"column":3}},"locations":[{"start":{"line":62,"column":23},"end":{"line":65,"column":3}}]},"7":{"type":"branch","line":67,"loc":{"start":{"line":67,"column":24},"end":{"line":70,"column":3}},"locations":[{"start":{"line":67,"column":24},"end":{"line":70,"column":3}}]},"8":{"type":"branch","line":71,"loc":{"start":{"line":71,"column":-2},"end":{"line":73,"column":1}},"locations":[{"start":{"line":71,"column":-2},"end":{"line":73,"column":1}}]},"9":{"type":"branch","line":75,"loc":{"start":{"line":75,"column":0},"end":{"line":105,"column":1}},"locations":[{"start":{"line":75,"column":0},"end":{"line":105,"column":1}}]},"10":{"type":"branch","line":78,"loc":{"start":{"line":78,"column":16},"end":{"line":90,"column":9}},"locations":[{"start":{"line":78,"column":16},"end":{"line":90,"column":9}}]},"11":{"type":"branch","line":79,"loc":{"start":{"line":79,"column":42},"end":{"line":89,"column":5}},"locations":[{"start":{"line":79,"column":42},"end":{"line":89,"column":5}}]},"12":{"type":"branch","line":81,"loc":{"start":{"line":81,"column":50},"end":{"line":81,"column":59}},"locations":[{"start":{"line":81,"column":50},"end":{"line":81,"column":59}}]},"13":{"type":"branch","line":81,"loc":{"start":{"line":81,"column":60},"end":{"line":81,"column":69}},"locations":[{"start":{"line":81,"column":60},"end":{"line":81,"column":69}}]},"14":{"type":"branch","line":90,"loc":{"start":{"line":90,"column":3},"end":{"line":96,"column":3}},"locations":[{"start":{"line":90,"column":3},"end":{"line":96,"column":3}}]},"15":{"type":"branch","line":91,"loc":{"start":{"line":91,"column":27},"end":{"line":95,"column":5}},"locations":[{"start":{"line":91,"column":27},"end":{"line":95,"column":5}}]},"16":{"type":"branch","line":93,"loc":{"start":{"line":93,"column":8},"end":{"line":93,"column":15}},"locations":[{"start":{"line":93,"column":8},"end":{"line":93,"column":15}}]},"17":{"type":"branch","line":94,"loc":{"start":{"line":94,"column":-2},"end":{"line":95,"column":5}},"locations":[{"start":{"line":94,"column":-2},"end":{"line":95,"column":5}}]},"18":{"type":"branch","line":107,"loc":{"start":{"line":107,"column":0},"end":{"line":118,"column":1}},"locations":[{"start":{"line":107,"column":0},"end":{"line":118,"column":1}}]},"19":{"type":"branch","line":109,"loc":{"start":{"line":109,"column":66},"end":{"line":111,"column":5}},"locations":[{"start":{"line":109,"column":66},"end":{"line":111,"column":5}}]},"20":{"type":"branch","line":120,"loc":{"start":{"line":120,"column":0},"end":{"line":130,"column":1}},"locations":[{"start":{"line":120,"column":0},"end":{"line":130,"column":1}}]},"21":{"type":"branch","line":122,"loc":{"start":{"line":122,"column":2},"end":{"line":129,"column":3}},"locations":[{"start":{"line":122,"column":2},"end":{"line":129,"column":3}}]},"22":{"type":"branch","line":124,"loc":{"start":{"line":124,"column":6},"end":{"line":124,"column":15}},"locations":[{"start":{"line":124,"column":6},"end":{"line":124,"column":15}}]},"23":{"type":"branch","line":125,"loc":{"start":{"line":125,"column":-2},"end":{"line":126,"column":15}},"locations":[{"start":{"line":125,"column":-2},"end":{"line":126,"column":15}}]},"24":{"type":"branch","line":126,"loc":{"start":{"line":126,"column":6},"end":{"line":126,"column":15}},"locations":[{"start":{"line":126,"column":6},"end":{"line":126,"column":15}}]},"25":{"type":"branch","line":127,"loc":{"start":{"line":127,"column":-2},"end":{"line":129,"column":3}},"locations":[{"start":{"line":127,"column":-2},"end":{"line":129,"column":3}}]},"26":{"type":"branch","line":132,"loc":{"start":{"line":132,"column":0},"end":{"line":135,"column":1}},"locations":[{"start":{"line":132,"column":0},"end":{"line":135,"column":1}}]},"27":{"type":"branch","line":137,"loc":{"start":{"line":137,"column":0},"end":{"line":148,"column":1}},"locations":[{"start":{"line":137,"column":0},"end":{"line":148,"column":1}}]},"28":{"type":"branch","line":144,"loc":{"start":{"line":144,"column":20},"end":{"line":146,"column":3}},"locations":[{"start":{"line":144,"column":20},"end":{"line":146,"column":3}}]},"29":{"type":"branch","line":150,"loc":{"start":{"line":150,"column":0},"end":{"line":168,"column":1}},"locations":[{"start":{"line":150,"column":0},"end":{"line":168,"column":1}}]},"30":{"type":"branch","line":154,"loc":{"start":{"line":154,"column":19},"end":{"line":158,"column":11}},"locations":[{"start":{"line":154,"column":19},"end":{"line":158,"column":11}}]},"31":{"type":"branch","line":158,"loc":{"start":{"line":158,"column":5},"end":{"line":161,"column":5}},"locations":[{"start":{"line":158,"column":5},"end":{"line":161,"column":5}}]},"32":{"type":"branch","line":164,"loc":{"start":{"line":164,"column":20},"end":{"line":166,"column":3}},"locations":[{"start":{"line":164,"column":20},"end":{"line":166,"column":3}}]},"33":{"type":"branch","line":159,"loc":{"start":{"line":159,"column":56},"end":{"line":159,"column":62}},"locations":[{"start":{"line":159,"column":56},"end":{"line":159,"column":62}}]},"34":{"type":"branch","line":160,"loc":{"start":{"line":160,"column":61},"end":{"line":160,"column":71}},"locations":[{"start":{"line":160,"column":61},"end":{"line":160,"column":71}}]},"35":{"type":"branch","line":160,"loc":{"start":{"line":160,"column":83},"end":{"line":160,"column":89}},"locations":[{"start":{"line":160,"column":83},"end":{"line":160,"column":89}}]},"36":{"type":"branch","line":170,"loc":{"start":{"line":170,"column":0},"end":{"line":181,"column":1}},"locations":[{"start":{"line":170,"column":0},"end":{"line":181,"column":1}}]},"37":{"type":"branch","line":177,"loc":{"start":{"line":177,"column":20},"end":{"line":179,"column":3}},"locations":[{"start":{"line":177,"column":20},"end":{"line":179,"column":3}}]},"38":{"type":"branch","line":183,"loc":{"start":{"line":183,"column":0},"end":{"line":205,"column":1}},"locations":[{"start":{"line":183,"column":0},"end":{"line":205,"column":1}}]},"39":{"type":"branch","line":186,"loc":{"start":{"line":186,"column":44},"end":{"line":203,"column":3}},"locations":[{"start":{"line":186,"column":44},"end":{"line":203,"column":3}}]},"40":{"type":"branch","line":188,"loc":{"start":{"line":188,"column":22},"end":{"line":190,"column":5}},"locations":[{"start":{"line":188,"column":22},"end":{"line":190,"column":5}}]},"41":{"type":"branch","line":191,"loc":{"start":{"line":191,"column":-2},"end":{"line":191,"column":49}},"locations":[{"start":{"line":191,"column":-2},"end":{"line":191,"column":49}}]},"42":{"type":"branch","line":191,"loc":{"start":{"line":191,"column":49},"end":{"line":191,"column":58}},"locations":[{"start":{"line":191,"column":49},"end":{"line":191,"column":58}}]},"43":{"type":"branch","line":191,"loc":{"start":{"line":191,"column":59},"end":{"line":191,"column":68}},"locations":[{"start":{"line":191,"column":59},"end":{"line":191,"column":68}}]},"44":{"type":"branch","line":192,"loc":{"start":{"line":192,"column":39},"end":{"line":192,"column":92}},"locations":[{"start":{"line":192,"column":39},"end":{"line":192,"column":92}}]},"45":{"type":"branch","line":192,"loc":{"start":{"line":192,"column":94},"end":{"line":194,"column":5}},"locations":[{"start":{"line":192,"column":94},"end":{"line":194,"column":5}}]},"46":{"type":"branch","line":195,"loc":{"start":{"line":195,"column":-2},"end":{"line":197,"column":38}},"locations":[{"start":{"line":195,"column":-2},"end":{"line":197,"column":38}}]},"47":{"type":"branch","line":197,"loc":{"start":{"line":197,"column":38},"end":{"line":199,"column":5}},"locations":[{"start":{"line":197,"column":38},"end":{"line":199,"column":5}}]},"48":{"type":"branch","line":200,"loc":{"start":{"line":200,"column":-2},"end":{"line":202,"column":5}},"locations":[{"start":{"line":200,"column":-2},"end":{"line":202,"column":5}}]},"49":{"type":"branch","line":196,"loc":{"start":{"line":196,"column":14},"end":{"line":196,"column":22}},"locations":[{"start":{"line":196,"column":14},"end":{"line":196,"column":22}}]},"50":{"type":"branch","line":207,"loc":{"start":{"line":207,"column":0},"end":{"line":213,"column":1}},"locations":[{"start":{"line":207,"column":0},"end":{"line":213,"column":1}}]},"51":{"type":"branch","line":209,"loc":{"start":{"line":209,"column":46},"end":{"line":209,"column":74}},"locations":[{"start":{"line":209,"column":46},"end":{"line":209,"column":74}}]},"52":{"type":"branch","line":212,"loc":{"start":{"line":212,"column":34},"end":{"line":212,"column":42}},"locations":[{"start":{"line":212,"column":34},"end":{"line":212,"column":42}}]},"53":{"type":"branch","line":215,"loc":{"start":{"line":215,"column":0},"end":{"line":220,"column":1}},"locations":[{"start":{"line":215,"column":0},"end":{"line":220,"column":1}}]},"54":{"type":"branch","line":219,"loc":{"start":{"line":219,"column":42},"end":{"line":219,"column":50}},"locations":[{"start":{"line":219,"column":42},"end":{"line":219,"column":50}}]},"55":{"type":"branch","line":222,"loc":{"start":{"line":222,"column":0},"end":{"line":228,"column":1}},"locations":[{"start":{"line":222,"column":0},"end":{"line":228,"column":1}}]},"56":{"type":"branch","line":224,"loc":{"start":{"line":224,"column":46},"end":{"line":224,"column":74}},"locations":[{"start":{"line":224,"column":46},"end":{"line":224,"column":74}}]},"57":{"type":"branch","line":227,"loc":{"start":{"line":227,"column":32},"end":{"line":227,"column":40}},"locations":[{"start":{"line":227,"column":32},"end":{"line":227,"column":40}}]},"58":{"type":"branch","line":230,"loc":{"start":{"line":230,"column":0},"end":{"line":236,"column":1}},"locations":[{"start":{"line":230,"column":0},"end":{"line":236,"column":1}}]},"59":{"type":"branch","line":232,"loc":{"start":{"line":232,"column":46},"end":{"line":232,"column":74}},"locations":[{"start":{"line":232,"column":46},"end":{"line":232,"column":74}}]},"60":{"type":"branch","line":235,"loc":{"start":{"line":235,"column":40},"end":{"line":235,"column":48}},"locations":[{"start":{"line":235,"column":40},"end":{"line":235,"column":48}}]},"61":{"type":"branch","line":238,"loc":{"start":{"line":238,"column":0},"end":{"line":257,"column":1}},"locations":[{"start":{"line":238,"column":0},"end":{"line":257,"column":1}}]},"62":{"type":"branch","line":239,"loc":{"start":{"line":239,"column":46},"end":{"line":239,"column":74}},"locations":[{"start":{"line":239,"column":46},"end":{"line":239,"column":74}}]},"63":{"type":"branch","line":249,"loc":{"start":{"line":249,"column":39},"end":{"line":249,"column":47}},"locations":[{"start":{"line":249,"column":39},"end":{"line":249,"column":47}}]},"64":{"type":"branch","line":250,"loc":{"start":{"line":250,"column":34},"end":{"line":250,"column":42}},"locations":[{"start":{"line":250,"column":34},"end":{"line":250,"column":42}}]},"65":{"type":"branch","line":251,"loc":{"start":{"line":251,"column":35},"end":{"line":251,"column":43}},"locations":[{"start":{"line":251,"column":35},"end":{"line":251,"column":43}}]},"66":{"type":"branch","line":253,"loc":{"start":{"line":253,"column":42},"end":{"line":253,"column":50}},"locations":[{"start":{"line":253,"column":42},"end":{"line":253,"column":50}}]},"67":{"type":"branch","line":255,"loc":{"start":{"line":255,"column":13},"end":{"line":255,"column":24}},"locations":[{"start":{"line":255,"column":13},"end":{"line":255,"column":24}}]},"68":{"type":"branch","line":262,"loc":{"start":{"line":262,"column":0},"end":{"line":270,"column":1}},"locations":[{"start":{"line":262,"column":0},"end":{"line":270,"column":1}}]},"69":{"type":"branch","line":263,"loc":{"start":{"line":263,"column":58},"end":{"line":263,"column":66}},"locations":[{"start":{"line":263,"column":58},"end":{"line":263,"column":66}}]},"70":{"type":"branch","line":272,"loc":{"start":{"line":272,"column":0},"end":{"line":276,"column":1}},"locations":[{"start":{"line":272,"column":0},"end":{"line":276,"column":1}}]},"71":{"type":"branch","line":278,"loc":{"start":{"line":278,"column":0},"end":{"line":309,"column":1}},"locations":[{"start":{"line":278,"column":0},"end":{"line":309,"column":1}}]},"72":{"type":"branch","line":281,"loc":{"start":{"line":281,"column":28},"end":{"line":284,"column":3}},"locations":[{"start":{"line":281,"column":28},"end":{"line":284,"column":3}}]},"73":{"type":"branch","line":285,"loc":{"start":{"line":285,"column":-2},"end":{"line":286,"column":17}},"locations":[{"start":{"line":285,"column":-2},"end":{"line":286,"column":17}}]},"74":{"type":"branch","line":286,"loc":{"start":{"line":286,"column":17},"end":{"line":304,"column":3}},"locations":[{"start":{"line":286,"column":17},"end":{"line":304,"column":3}}]},"75":{"type":"branch","line":287,"loc":{"start":{"line":287,"column":42},"end":{"line":300,"column":11}},"locations":[{"start":{"line":287,"column":42},"end":{"line":300,"column":11}}]},"76":{"type":"branch","line":290,"loc":{"start":{"line":290,"column":46},"end":{"line":295,"column":13}},"locations":[{"start":{"line":290,"column":46},"end":{"line":295,"column":13}}]},"77":{"type":"branch","line":295,"loc":{"start":{"line":295,"column":7},"end":{"line":299,"column":7}},"locations":[{"start":{"line":295,"column":7},"end":{"line":299,"column":7}}]},"78":{"type":"branch","line":300,"loc":{"start":{"line":300,"column":5},"end":{"line":303,"column":5}},"locations":[{"start":{"line":300,"column":5},"end":{"line":303,"column":5}}]},"79":{"type":"branch","line":305,"loc":{"start":{"line":305,"column":-2},"end":{"line":309,"column":1}},"locations":[{"start":{"line":305,"column":-2},"end":{"line":309,"column":1}}]},"80":{"type":"branch","line":311,"loc":{"start":{"line":311,"column":0},"end":{"line":318,"column":1}},"locations":[{"start":{"line":311,"column":0},"end":{"line":318,"column":1}}]},"81":{"type":"branch","line":320,"loc":{"start":{"line":320,"column":0},"end":{"line":350,"column":1}},"locations":[{"start":{"line":320,"column":0},"end":{"line":350,"column":1}}]},"82":{"type":"branch","line":326,"loc":{"start":{"line":326,"column":17},"end":{"line":338,"column":3}},"locations":[{"start":{"line":326,"column":17},"end":{"line":338,"column":3}}]},"83":{"type":"branch","line":329,"loc":{"start":{"line":329,"column":52},"end":{"line":329,"column":61}},"locations":[{"start":{"line":329,"column":52},"end":{"line":329,"column":61}}]},"84":{"type":"branch","line":339,"loc":{"start":{"line":339,"column":-2},"end":{"line":340,"column":39}},"locations":[{"start":{"line":339,"column":-2},"end":{"line":340,"column":39}}]},"85":{"type":"branch","line":341,"loc":{"start":{"line":341,"column":2},"end":{"line":343,"column":3}},"locations":[{"start":{"line":341,"column":2},"end":{"line":343,"column":3}}]},"86":{"type":"branch","line":344,"loc":{"start":{"line":344,"column":-2},"end":{"line":350,"column":1}},"locations":[{"start":{"line":344,"column":-2},"end":{"line":350,"column":1}}]},"87":{"type":"branch","line":352,"loc":{"start":{"line":352,"column":0},"end":{"line":390,"column":1}},"locations":[{"start":{"line":352,"column":0},"end":{"line":390,"column":1}}]},"88":{"type":"branch","line":358,"loc":{"start":{"line":358,"column":41},"end":{"line":361,"column":3}},"locations":[{"start":{"line":358,"column":41},"end":{"line":361,"column":3}}]},"89":{"type":"branch","line":362,"loc":{"start":{"line":362,"column":-2},"end":{"line":365,"column":46}},"locations":[{"start":{"line":362,"column":-2},"end":{"line":365,"column":46}}]},"90":{"type":"branch","line":365,"loc":{"start":{"line":365,"column":46},"end":{"line":365,"column":55}},"locations":[{"start":{"line":365,"column":46},"end":{"line":365,"column":55}}]},"91":{"type":"branch","line":365,"loc":{"start":{"line":365,"column":56},"end":{"line":365,"column":65}},"locations":[{"start":{"line":365,"column":56},"end":{"line":365,"column":65}}]},"92":{"type":"branch","line":366,"loc":{"start":{"line":366,"column":36},"end":{"line":370,"column":3}},"locations":[{"start":{"line":366,"column":36},"end":{"line":370,"column":3}}]},"93":{"type":"branch","line":371,"loc":{"start":{"line":371,"column":-2},"end":{"line":372,"column":18}},"locations":[{"start":{"line":371,"column":-2},"end":{"line":372,"column":18}}]},"94":{"type":"branch","line":372,"loc":{"start":{"line":372,"column":18},"end":{"line":374,"column":3}},"locations":[{"start":{"line":372,"column":18},"end":{"line":374,"column":3}}]},"95":{"type":"branch","line":375,"loc":{"start":{"line":375,"column":-2},"end":{"line":390,"column":1}},"locations":[{"start":{"line":375,"column":-2},"end":{"line":390,"column":1}}]},"96":{"type":"branch","line":383,"loc":{"start":{"line":383,"column":25},"end":{"line":387,"column":5}},"locations":[{"start":{"line":383,"column":25},"end":{"line":387,"column":5}}]},"97":{"type":"branch","line":392,"loc":{"start":{"line":392,"column":0},"end":{"line":404,"column":1}},"locations":[{"start":{"line":392,"column":0},"end":{"line":404,"column":1}}]}},"b":{"0":[1],"1":[22],"2":[17],"3":[0],"4":[6],"5":[130],"6":[0],"7":[25],"8":[105],"9":[13],"10":[4],"11":[2],"12":[1],"13":[1],"14":[9],"15":[16],"16":[9],"17":[7],"18":[13],"19":[7],"20":[39],"21":[81],"22":[2],"23":[79],"24":[76],"25":[3],"26":[21],"27":[18],"28":[0],"29":[22],"30":[6],"31":[16],"32":[0],"33":[32],"34":[16],"35":[4],"36":[22],"37":[0],"38":[22],"39":[15],"40":[6],"41":[9],"42":[6],"43":[3],"44":[6],"45":[7],"46":[2],"47":[0],"48":[2],"49":[2],"50":[4],"51":[0],"52":[2],"53":[3],"54":[2],"55":[4],"56":[0],"57":[2],"58":[4],"59":[0],"60":[2],"61":[18],"62":[0],"63":[10],"64":[5],"65":[2],"66":[6],"67":[12],"68":[14],"69":[0],"70":[10],"71":[11],"72":[1],"73":[10],"74":[5],"75":[3],"76":[1],"77":[2],"78":[2],"79":[9],"80":[6],"81":[7],"82":[2],"83":[0],"84":[5],"85":[4],"86":[5],"87":[6],"88":[2],"89":[4],"90":[0],"91":[4],"92":[0],"93":[4],"94":[3],"95":[4],"96":[0],"97":[2]},"fnMap":{"0":{"name":"Disconnection","decl":{"start":{"line":10,"column":2},"end":{"line":13,"column":3}},"loc":{"start":{"line":10,"column":2},"end":{"line":13,"column":3}},"line":10},"1":{"name":"getOrCreateConnectionIds","decl":{"start":{"line":41,"column":0},"end":{"line":49,"column":1}},"loc":{"start":{"line":41,"column":0},"end":{"line":49,"column":1}},"line":41},"2":{"name":"reset","decl":{"start":{"line":51,"column":0},"end":{"line":59,"column":1}},"loc":{"start":{"line":51,"column":0},"end":{"line":59,"column":1}},"line":51},"3":{"name":"checkSessionId","decl":{"start":{"line":61,"column":0},"end":{"line":73,"column":1}},"loc":{"start":{"line":61,"column":0},"end":{"line":73,"column":1}},"line":61},"4":{"name":"_deleteConnection","decl":{"start":{"line":75,"column":0},"end":{"line":105,"column":1}},"loc":{"start":{"line":75,"column":0},"end":{"line":105,"column":1}},"line":75},"5":{"name":"_deleteSession","decl":{"start":{"line":107,"column":0},"end":{"line":118,"column":1}},"loc":{"start":{"line":107,"column":0},"end":{"line":118,"column":1}},"line":107},"6":{"name":"_checkForTimedOutSessions","decl":{"start":{"line":120,"column":0},"end":{"line":130,"column":1}},"loc":{"start":{"line":120,"column":0},"end":{"line":130,"column":1}},"line":120},"7":{"name":"_getConnection","decl":{"start":{"line":132,"column":0},"end":{"line":135,"column":1}},"loc":{"start":{"line":132,"column":0},"end":{"line":135,"column":1}},"line":132},"8":{"name":"_getDisconnection","decl":{"start":{"line":137,"column":0},"end":{"line":148,"column":1}},"loc":{"start":{"line":137,"column":0},"end":{"line":148,"column":1}},"line":137},"9":{"name":"_getOffer","decl":{"start":{"line":150,"column":0},"end":{"line":168,"column":1}},"loc":{"start":{"line":150,"column":0},"end":{"line":168,"column":1}},"line":150},"10":{"name":"_getAnswer","decl":{"start":{"line":170,"column":0},"end":{"line":181,"column":1}},"loc":{"start":{"line":170,"column":0},"end":{"line":181,"column":1}},"line":170},"11":{"name":"_getCandidate","decl":{"start":{"line":183,"column":0},"end":{"line":205,"column":1}},"loc":{"start":{"line":183,"column":0},"end":{"line":205,"column":1}},"line":183},"12":{"name":"getAnswer","decl":{"start":{"line":207,"column":0},"end":{"line":213,"column":1}},"loc":{"start":{"line":207,"column":0},"end":{"line":213,"column":1}},"line":207},"13":{"name":"getConnection","decl":{"start":{"line":215,"column":0},"end":{"line":220,"column":1}},"loc":{"start":{"line":215,"column":0},"end":{"line":220,"column":1}},"line":215},"14":{"name":"getOffer","decl":{"start":{"line":222,"column":0},"end":{"line":228,"column":1}},"loc":{"start":{"line":222,"column":0},"end":{"line":228,"column":1}},"line":222},"15":{"name":"getCandidate","decl":{"start":{"line":230,"column":0},"end":{"line":236,"column":1}},"loc":{"start":{"line":230,"column":0},"end":{"line":236,"column":1}},"line":230},"16":{"name":"getAll","decl":{"start":{"line":238,"column":0},"end":{"line":257,"column":1}},"loc":{"start":{"line":238,"column":0},"end":{"line":257,"column":1}},"line":238},"17":{"name":"createSession","decl":{"start":{"line":262,"column":0},"end":{"line":270,"column":1}},"loc":{"start":{"line":262,"column":0},"end":{"line":270,"column":1}},"line":262},"18":{"name":"deleteSession","decl":{"start":{"line":272,"column":0},"end":{"line":276,"column":1}},"loc":{"start":{"line":272,"column":0},"end":{"line":276,"column":1}},"line":272},"19":{"name":"createConnection","decl":{"start":{"line":278,"column":0},"end":{"line":309,"column":1}},"loc":{"start":{"line":278,"column":0},"end":{"line":309,"column":1}},"line":278},"20":{"name":"deleteConnection","decl":{"start":{"line":311,"column":0},"end":{"line":318,"column":1}},"loc":{"start":{"line":311,"column":0},"end":{"line":318,"column":1}},"line":311},"21":{"name":"postOffer","decl":{"start":{"line":320,"column":0},"end":{"line":350,"column":1}},"loc":{"start":{"line":320,"column":0},"end":{"line":350,"column":1}},"line":320},"22":{"name":"postAnswer","decl":{"start":{"line":352,"column":0},"end":{"line":390,"column":1}},"loc":{"start":{"line":352,"column":0},"end":{"line":390,"column":1}},"line":352},"23":{"name":"postCandidate","decl":{"start":{"line":392,"column":0},"end":{"line":404,"column":1}},"loc":{"start":{"line":392,"column":0},"end":{"line":404,"column":1}},"line":392}},"f":{"0":22,"1":17,"2":6,"3":130,"4":13,"5":13,"6":39,"7":21,"8":18,"9":22,"10":22,"11":22,"12":4,"13":3,"14":4,"15":4,"16":18,"17":14,"18":10,"19":11,"20":6,"21":7,"22":6,"23":2}}
,"D:\\project\\UnityRenderStreaming\\WebApp\\src\\class\\offer.ts": {"path":"D:\\project\\UnityRenderStreaming\\WebApp\\src\\class\\offer.ts","all":false,"statementMap":{"0":{"start":{"line":1,"column":0},"end":{"line":1,"column":28}},"1":{"start":{"line":2,"column":0},"end":{"line":2,"column":14}},"2":{"start":{"line":3,"column":0},"end":{"line":3,"column":19}},"3":{"start":{"line":4,"column":0},"end":{"line":4,"column":18}},"4":{"start":{"line":5,"column":0},"end":{"line":5,"column":63}},"5":{"start":{"line":6,"column":0},"end":{"line":6,"column":19}},"6":{"start":{"line":7,"column":0},"end":{"line":7,"column":29}},"7":{"start":{"line":8,"column":0},"end":{"line":8,"column":25}},"8":{"start":{"line":9,"column":0},"end":{"line":9,"column":3}},"9":{"start":{"line":10,"column":0},"end":{"line":10,"column":1}}},"s":{"0":2,"1":2,"2":2,"3":2,"4":2,"5":11,"6":11,"7":11,"8":11,"9":2},"branchMap":{"0":{"type":"branch","line":1,"loc":{"start":{"line":1,"column":0},"end":{"line":10,"column":1}},"locations":[{"start":{"line":1,"column":0},"end":{"line":10,"column":1}}]},"1":{"type":"branch","line":5,"loc":{"start":{"line":5,"column":2},"end":{"line":9,"column":3}},"locations":[{"start":{"line":5,"column":2},"end":{"line":9,"column":3}}]}},"b":{"0":[2],"1":[11]},"fnMap":{"0":{"name":"Offer","decl":{"start":{"line":5,"column":2},"end":{"line":9,"column":3}},"loc":{"start":{"line":5,"column":2},"end":{"line":9,"column":3}},"line":5}},"f":{"0":11}}
,"D:\\project\\UnityRenderStreaming\\WebApp\\src\\class\\websockethandler.ts": {"path":"D:\\project\\UnityRenderStreaming\\WebApp\\src\\class\\websockethandler.ts","all":false,"statementMap":{"0":{"start":{"line":1,"column":0},"end":{"line":1,"column":28}},"1":{"start":{"line":2,"column":0},"end":{"line":2,"column":30}},"2":{"start":{"line":3,"column":0},"end":{"line":3,"column":36}},"3":{"start":{"line":4,"column":0},"end":{"line":4,"column":0}},"4":{"start":{"line":5,"column":0},"end":{"line":5,"column":23}},"5":{"start":{"line":6,"column":0},"end":{"line":6,"column":0}},"6":{"start":{"line":7,"column":0},"end":{"line":7,"column":34}},"7":{"start":{"line":8,"column":0},"end":{"line":8,"column":79}},"8":{"start":{"line":9,"column":0},"end":{"line":9,"column":0}},"9":{"start":{"line":10,"column":0},"end":{"line":10,"column":44}},"10":{"start":{"line":11,"column":0},"end":{"line":11,"column":102}},"11":{"start":{"line":12,"column":0},"end":{"line":12,"column":0}},"12":{"start":{"line":13,"column":0},"end":{"line":13,"column":68}},"13":{"start":{"line":14,"column":0},"end":{"line":14,"column":27}},"14":{"start":{"line":15,"column":0},"end":{"line":15,"column":30}},"15":{"start":{"line":16,"column":0},"end":{"line":16,"column":38}},"16":{"start":{"line":17,"column":0},"end":{"line":17,"column":40}},"17":{"start":{"line":18,"column":0},"end":{"line":18,"column":3}},"18":{"start":{"line":19,"column":0},"end":{"line":19,"column":39}},"19":{"start":{"line":20,"column":0},"end":{"line":20,"column":23}},"20":{"start":{"line":21,"column":0},"end":{"line":21,"column":1}},"21":{"start":{"line":22,"column":0},"end":{"line":22,"column":0}},"22":{"start":{"line":23,"column":0},"end":{"line":23,"column":36}},"23":{"start":{"line":24,"column":0},"end":{"line":24,"column":32}},"24":{"start":{"line":25,"column":0},"end":{"line":25,"column":1}},"25":{"start":{"line":26,"column":0},"end":{"line":26,"column":0}},"26":{"start":{"line":27,"column":0},"end":{"line":27,"column":35}},"27":{"start":{"line":28,"column":0},"end":{"line":28,"column":37}},"28":{"start":{"line":29,"column":0},"end":{"line":29,"column":1}},"29":{"start":{"line":30,"column":0},"end":{"line":30,"column":0}},"30":{"start":{"line":31,"column":0},"end":{"line":31,"column":38}},"31":{"start":{"line":32,"column":0},"end":{"line":32,"column":40}},"32":{"start":{"line":33,"column":0},"end":{"line":33,"column":41}},"33":{"start":{"line":34,"column":0},"end":{"line":34,"column":50}},"34":{"start":{"line":35,"column":0},"end":{"line":35,"column":15}},"35":{"start":{"line":36,"column":0},"end":{"line":36,"column":63}},"36":{"start":{"line":37,"column":0},"end":{"line":37,"column":27}},"37":{"start":{"line":38,"column":0},"end":{"line":38,"column":96}},"38":{"start":{"line":39,"column":0},"end":{"line":39,"column":7}},"39":{"start":{"line":40,"column":0},"end":{"line":40,"column":5}},"40":{"start":{"line":41,"column":0},"end":{"line":41,"column":40}},"41":{"start":{"line":42,"column":0},"end":{"line":42,"column":5}},"42":{"start":{"line":43,"column":0},"end":{"line":43,"column":0}},"43":{"start":{"line":44,"column":0},"end":{"line":44,"column":21}},"44":{"start":{"line":45,"column":0},"end":{"line":45,"column":1}},"45":{"start":{"line":46,"column":0},"end":{"line":46,"column":0}},"46":{"start":{"line":47,"column":0},"end":{"line":47,"column":63}},"47":{"start":{"line":48,"column":0},"end":{"line":48,"column":20}},"48":{"start":{"line":49,"column":0},"end":{"line":49,"column":18}},"49":{"start":{"line":50,"column":0},"end":{"line":50,"column":43}},"50":{"start":{"line":51,"column":0},"end":{"line":51,"column":52}},"51":{"start":{"line":52,"column":0},"end":{"line":52,"column":0}},"52":{"start":{"line":53,"column":0},"end":{"line":53,"column":47}},"53":{"start":{"line":54,"column":0},"end":{"line":54,"column":116}},"54":{"start":{"line":55,"column":0},"end":{"line":55,"column":15}},"55":{"start":{"line":56,"column":0},"end":{"line":56,"column":35}},"56":{"start":{"line":57,"column":0},"end":{"line":57,"column":56}},"57":{"start":{"line":58,"column":0},"end":{"line":58,"column":7}},"58":{"start":{"line":59,"column":0},"end":{"line":59,"column":12}},"59":{"start":{"line":60,"column":0},"end":{"line":60,"column":51}},"60":{"start":{"line":61,"column":0},"end":{"line":61,"column":21}},"61":{"start":{"line":62,"column":0},"end":{"line":62,"column":5}},"62":{"start":{"line":63,"column":0},"end":{"line":63,"column":3}},"63":{"start":{"line":64,"column":0},"end":{"line":64,"column":0}},"64":{"start":{"line":65,"column":0},"end":{"line":65,"column":53}},"65":{"start":{"line":66,"column":0},"end":{"line":66,"column":34}},"66":{"start":{"line":67,"column":0},"end":{"line":67,"column":91}},"67":{"start":{"line":68,"column":0},"end":{"line":68,"column":1}},"68":{"start":{"line":69,"column":0},"end":{"line":69,"column":0}},"69":{"start":{"line":70,"column":0},"end":{"line":70,"column":66}},"70":{"start":{"line":71,"column":0},"end":{"line":71,"column":40}},"71":{"start":{"line":72,"column":0},"end":{"line":72,"column":37}},"72":{"start":{"line":73,"column":0},"end":{"line":73,"column":0}},"73":{"start":{"line":74,"column":0},"end":{"line":74,"column":41}},"74":{"start":{"line":75,"column":0},"end":{"line":75,"column":50}},"75":{"start":{"line":76,"column":0},"end":{"line":76,"column":61}},"76":{"start":{"line":77,"column":0},"end":{"line":77,"column":25}},"77":{"start":{"line":78,"column":0},"end":{"line":78,"column":94}},"78":{"start":{"line":79,"column":0},"end":{"line":79,"column":5}},"79":{"start":{"line":80,"column":0},"end":{"line":80,"column":3}},"80":{"start":{"line":81,"column":0},"end":{"line":81,"column":38}},"81":{"start":{"line":82,"column":0},"end":{"line":82,"column":78}},"82":{"start":{"line":83,"column":0},"end":{"line":83,"column":1}},"83":{"start":{"line":84,"column":0},"end":{"line":84,"column":0}},"84":{"start":{"line":85,"column":0},"end":{"line":85,"column":53}},"85":{"start":{"line":86,"column":0},"end":{"line":86,"column":54}},"86":{"start":{"line":87,"column":0},"end":{"line":87,"column":61}},"87":{"start":{"line":88,"column":0},"end":{"line":88,"column":0}},"88":{"start":{"line":89,"column":0},"end":{"line":89,"column":18}},"89":{"start":{"line":90,"column":0},"end":{"line":90,"column":43}},"90":{"start":{"line":91,"column":0},"end":{"line":91,"column":52}},"91":{"start":{"line":92,"column":0},"end":{"line":92,"column":63}},"92":{"start":{"line":93,"column":0},"end":{"line":93,"column":27}},"93":{"start":{"line":94,"column":0},"end":{"line":94,"column":31}},"94":{"start":{"line":95,"column":0},"end":{"line":95,"column":107}},"95":{"start":{"line":96,"column":0},"end":{"line":96,"column":7}},"96":{"start":{"line":97,"column":0},"end":{"line":97,"column":5}},"97":{"start":{"line":98,"column":0},"end":{"line":98,"column":11}},"98":{"start":{"line":99,"column":0},"end":{"line":99,"column":3}},"99":{"start":{"line":100,"column":0},"end":{"line":100,"column":0}},"100":{"start":{"line":101,"column":0},"end":{"line":101,"column":47}},"101":{"start":{"line":102,"column":0},"end":{"line":102,"column":30}},"102":{"start":{"line":103,"column":0},"end":{"line":103,"column":18}},"103":{"start":{"line":104,"column":0},"end":{"line":104,"column":13}},"104":{"start":{"line":105,"column":0},"end":{"line":105,"column":5}},"105":{"start":{"line":106,"column":0},"end":{"line":106,"column":90}},"106":{"start":{"line":107,"column":0},"end":{"line":107,"column":5}},"107":{"start":{"line":108,"column":0},"end":{"line":108,"column":1}},"108":{"start":{"line":109,"column":0},"end":{"line":109,"column":0}},"109":{"start":{"line":110,"column":0},"end":{"line":110,"column":54}},"110":{"start":{"line":111,"column":0},"end":{"line":111,"column":54}},"111":{"start":{"line":112,"column":0},"end":{"line":112,"column":53}},"112":{"start":{"line":113,"column":0},"end":{"line":113,"column":34}},"113":{"start":{"line":114,"column":0},"end":{"line":114,"column":56}},"114":{"start":{"line":115,"column":0},"end":{"line":115,"column":0}},"115":{"start":{"line":116,"column":0},"end":{"line":116,"column":42}},"116":{"start":{"line":117,"column":0},"end":{"line":117,"column":11}},"117":{"start":{"line":118,"column":0},"end":{"line":118,"column":3}},"118":{"start":{"line":119,"column":0},"end":{"line":119,"column":0}},"119":{"start":{"line":120,"column":0},"end":{"line":120,"column":48}},"120":{"start":{"line":121,"column":0},"end":{"line":121,"column":59}},"121":{"start":{"line":122,"column":0},"end":{"line":122,"column":0}},"122":{"start":{"line":123,"column":0},"end":{"line":123,"column":19}},"123":{"start":{"line":124,"column":0},"end":{"line":124,"column":59}},"124":{"start":{"line":125,"column":0},"end":{"line":125,"column":3}},"125":{"start":{"line":126,"column":0},"end":{"line":126,"column":0}},"126":{"start":{"line":127,"column":0},"end":{"line":127,"column":103}},"127":{"start":{"line":128,"column":0},"end":{"line":128,"column":1}},"128":{"start":{"line":129,"column":0},"end":{"line":129,"column":0}},"129":{"start":{"line":130,"column":0},"end":{"line":130,"column":57}},"130":{"start":{"line":131,"column":0},"end":{"line":131,"column":44}},"131":{"start":{"line":132,"column":0},"end":{"line":132,"column":104}},"132":{"start":{"line":133,"column":0},"end":{"line":133,"column":0}},"133":{"start":{"line":134,"column":0},"end":{"line":134,"column":18}},"134":{"start":{"line":135,"column":0},"end":{"line":135,"column":43}},"135":{"start":{"line":136,"column":0},"end":{"line":136,"column":52}},"136":{"start":{"line":137,"column":0},"end":{"line":137,"column":63}},"137":{"start":{"line":138,"column":0},"end":{"line":138,"column":27}},"138":{"start":{"line":139,"column":0},"end":{"line":139,"column":112}},"139":{"start":{"line":140,"column":0},"end":{"line":140,"column":7}},"140":{"start":{"line":141,"column":0},"end":{"line":141,"column":5}},"141":{"start":{"line":142,"column":0},"end":{"line":142,"column":11}},"142":{"start":{"line":143,"column":0},"end":{"line":143,"column":3}},"143":{"start":{"line":144,"column":0},"end":{"line":144,"column":0}},"144":{"start":{"line":145,"column":0},"end":{"line":145,"column":30}},"145":{"start":{"line":146,"column":0},"end":{"line":146,"column":19}},"146":{"start":{"line":147,"column":0},"end":{"line":147,"column":13}},"147":{"start":{"line":148,"column":0},"end":{"line":148,"column":5}},"148":{"start":{"line":149,"column":0},"end":{"line":149,"column":95}},"149":{"start":{"line":150,"column":0},"end":{"line":150,"column":5}},"150":{"start":{"line":151,"column":0},"end":{"line":151,"column":1}},"151":{"start":{"line":152,"column":0},"end":{"line":152,"column":0}},"152":{"start":{"line":153,"column":0},"end":{"line":153,"column":87}}},"s":{"0":1,"1":1,"2":1,"3":1,"4":1,"5":1,"6":1,"7":1,"8":1,"9":1,"10":1,"11":1,"12":6,"13":6,"14":6,"15":0,"16":0,"17":0,"18":6,"19":6,"20":6,"21":1,"22":2,"23":2,"24":2,"25":1,"26":4,"27":4,"28":4,"29":1,"30":4,"31":4,"32":4,"33":1,"34":1,"35":0,"36":0,"37":0,"38":0,"39":0,"40":1,"41":4,"42":4,"43":4,"44":4,"45":1,"46":4,"47":4,"48":4,"49":2,"50":1,"51":1,"52":1,"53":0,"54":0,"55":1,"56":1,"57":1,"58":1,"59":1,"60":1,"61":1,"62":2,"63":4,"64":4,"65":4,"66":4,"67":4,"68":1,"69":4,"70":4,"71":4,"72":4,"73":4,"74":2,"75":2,"76":2,"77":2,"78":2,"79":2,"80":4,"81":4,"82":4,"83":1,"84":2,"85":2,"86":2,"87":2,"88":2,"89":1,"90":1,"91":1,"92":1,"93":1,"94":1,"95":1,"96":1,"97":1,"98":1,"99":1,"100":1,"101":1,"102":2,"103":1,"104":1,"105":1,"106":1,"107":1,"108":1,"109":2,"110":2,"111":2,"112":2,"113":2,"114":2,"115":2,"116":0,"117":0,"118":2,"119":2,"120":2,"121":2,"122":2,"123":1,"124":1,"125":2,"126":2,"127":2,"128":1,"129":2,"130":2,"131":2,"132":2,"133":2,"134":1,"135":1,"136":1,"137":1,"138":1,"139":1,"140":1,"141":1,"142":1,"143":1,"144":1,"145":2,"146":1,"147":1,"148":1,"149":1,"150":1,"151":1,"152":1},"branchMap":{"0":{"type":"branch","line":13,"loc":{"start":{"line":13,"column":0},"end":{"line":21,"column":1}},"locations":[{"start":{"line":13,"column":0},"end":{"line":21,"column":1}}]},"1":{"type":"branch","line":15,"loc":{"start":{"line":15,"column":29},"end":{"line":18,"column":3}},"locations":[{"start":{"line":15,"column":29},"end":{"line":18,"column":3}}]},"2":{"type":"branch","line":23,"loc":{"start":{"line":23,"column":0},"end":{"line":25,"column":1}},"locations":[{"start":{"line":23,"column":0},"end":{"line":25,"column":1}}]},"3":{"type":"branch","line":27,"loc":{"start":{"line":27,"column":0},"end":{"line":29,"column":1}},"locations":[{"start":{"line":27,"column":0},"end":{"line":29,"column":1}}]},"4":{"type":"branch","line":31,"loc":{"start":{"line":31,"column":0},"end":{"line":45,"column":1}},"locations":[{"start":{"line":31,"column":0},"end":{"line":45,"column":1}}]},"5":{"type":"branch","line":33,"loc":{"start":{"line":33,"column":24},"end":{"line":42,"column":3}},"locations":[{"start":{"line":33,"column":24},"end":{"line":42,"column":3}}]},"6":{"type":"branch","line":35,"loc":{"start":{"line":35,"column":14},"end":{"line":40,"column":5}},"locations":[{"start":{"line":35,"column":14},"end":{"line":40,"column":5}}]},"7":{"type":"branch","line":47,"loc":{"start":{"line":47,"column":0},"end":{"line":68,"column":1}},"locations":[{"start":{"line":47,"column":0},"end":{"line":68,"column":1}}]},"8":{"type":"branch","line":49,"loc":{"start":{"line":49,"column":17},"end":{"line":63,"column":3}},"locations":[{"start":{"line":49,"column":17},"end":{"line":63,"column":3}}]},"9":{"type":"branch","line":50,"loc":{"start":{"line":50,"column":42},"end":{"line":62,"column":5}},"locations":[{"start":{"line":50,"column":42},"end":{"line":62,"column":5}}]},"10":{"type":"branch","line":53,"loc":{"start":{"line":53,"column":46},"end":{"line":56,"column":13}},"locations":[{"start":{"line":53,"column":46},"end":{"line":56,"column":13}}]},"11":{"type":"branch","line":70,"loc":{"start":{"line":70,"column":0},"end":{"line":83,"column":1}},"locations":[{"start":{"line":70,"column":0},"end":{"line":83,"column":1}}]},"12":{"type":"branch","line":74,"loc":{"start":{"line":74,"column":40},"end":{"line":80,"column":3}},"locations":[{"start":{"line":74,"column":40},"end":{"line":80,"column":3}}]},"13":{"type":"branch","line":76,"loc":{"start":{"line":76,"column":41},"end":{"line":76,"column":50}},"locations":[{"start":{"line":76,"column":41},"end":{"line":76,"column":50}}]},"14":{"type":"branch","line":85,"loc":{"start":{"line":85,"column":0},"end":{"line":108,"column":1}},"locations":[{"start":{"line":85,"column":0},"end":{"line":108,"column":1}}]},"15":{"type":"branch","line":89,"loc":{"start":{"line":89,"column":17},"end":{"line":108,"column":1}},"locations":[{"start":{"line":89,"column":17},"end":{"line":108,"column":1}}]},"16":{"type":"branch","line":92,"loc":{"start":{"line":92,"column":53},"end":{"line":92,"column":62}},"locations":[{"start":{"line":92,"column":53},"end":{"line":92,"column":62}}]},"17":{"type":"branch","line":102,"loc":{"start":{"line":102,"column":18},"end":{"line":107,"column":3}},"locations":[{"start":{"line":102,"column":18},"end":{"line":107,"column":3}}]},"18":{"type":"branch","line":103,"loc":{"start":{"line":103,"column":17},"end":{"line":107,"column":3}},"locations":[{"start":{"line":103,"column":17},"end":{"line":107,"column":3}}]},"19":{"type":"branch","line":110,"loc":{"start":{"line":110,"column":0},"end":{"line":128,"column":1}},"locations":[{"start":{"line":110,"column":0},"end":{"line":128,"column":1}}]},"20":{"type":"branch","line":116,"loc":{"start":{"line":116,"column":41},"end":{"line":118,"column":3}},"locations":[{"start":{"line":116,"column":41},"end":{"line":118,"column":3}}]},"21":{"type":"branch","line":121,"loc":{"start":{"line":121,"column":39},"end":{"line":121,"column":48}},"locations":[{"start":{"line":121,"column":39},"end":{"line":121,"column":48}}]},"22":{"type":"branch","line":123,"loc":{"start":{"line":123,"column":18},"end":{"line":125,"column":3}},"locations":[{"start":{"line":123,"column":18},"end":{"line":125,"column":3}}]},"23":{"type":"branch","line":130,"loc":{"start":{"line":130,"column":0},"end":{"line":151,"column":1}},"locations":[{"start":{"line":130,"column":0},"end":{"line":151,"column":1}}]},"24":{"type":"branch","line":134,"loc":{"start":{"line":134,"column":17},"end":{"line":151,"column":1}},"locations":[{"start":{"line":134,"column":17},"end":{"line":151,"column":1}}]},"25":{"type":"branch","line":137,"loc":{"start":{"line":137,"column":53},"end":{"line":137,"column":62}},"locations":[{"start":{"line":137,"column":53},"end":{"line":137,"column":62}}]},"26":{"type":"branch","line":145,"loc":{"start":{"line":145,"column":18},"end":{"line":150,"column":3}},"locations":[{"start":{"line":145,"column":18},"end":{"line":150,"column":3}}]},"27":{"type":"branch","line":146,"loc":{"start":{"line":146,"column":18},"end":{"line":150,"column":3}},"locations":[{"start":{"line":146,"column":18},"end":{"line":150,"column":3}}]}},"b":{"0":[6],"1":[0],"2":[2],"3":[4],"4":[4],"5":[1],"6":[0],"7":[4],"8":[2],"9":[1],"10":[0],"11":[4],"12":[2],"13":[0],"14":[2],"15":[1],"16":[0],"17":[2],"18":[1],"19":[2],"20":[0],"21":[0],"22":[1],"23":[2],"24":[1],"25":[0],"26":[2],"27":[1]},"fnMap":{"0":{"name":"getOrCreateConnectionIds","decl":{"start":{"line":13,"column":0},"end":{"line":21,"column":1}},"loc":{"start":{"line":13,"column":0},"end":{"line":21,"column":1}},"line":13},"1":{"name":"reset","decl":{"start":{"line":23,"column":0},"end":{"line":25,"column":1}},"loc":{"start":{"line":23,"column":0},"end":{"line":25,"column":1}},"line":23},"2":{"name":"add","decl":{"start":{"line":27,"column":0},"end":{"line":29,"column":1}},"loc":{"start":{"line":27,"column":0},"end":{"line":29,"column":1}},"line":27},"3":{"name":"remove","decl":{"start":{"line":31,"column":0},"end":{"line":45,"column":1}},"loc":{"start":{"line":31,"column":0},"end":{"line":45,"column":1}},"line":31},"4":{"name":"onConnect","decl":{"start":{"line":47,"column":0},"end":{"line":68,"column":1}},"loc":{"start":{"line":47,"column":0},"end":{"line":68,"column":1}},"line":47},"5":{"name":"onDisconnect","decl":{"start":{"line":70,"column":0},"end":{"line":83,"column":1}},"loc":{"start":{"line":70,"column":0},"end":{"line":83,"column":1}},"line":70},"6":{"name":"onOffer","decl":{"start":{"line":85,"column":0},"end":{"line":108,"column":1}},"loc":{"start":{"line":85,"column":0},"end":{"line":108,"column":1}},"line":85},"7":{"name":"onAnswer","decl":{"start":{"line":110,"column":0},"end":{"line":128,"column":1}},"loc":{"start":{"line":110,"column":0},"end":{"line":128,"column":1}},"line":110},"8":{"name":"onCandidate","decl":{"start":{"line":130,"column":0},"end":{"line":151,"column":1}},"loc":{"start":{"line":130,"column":0},"end":{"line":151,"column":1}},"line":130}},"f":{"0":6,"1":2,"2":4,"3":4,"4":4,"5":4,"6":2,"7":2,"8":2}}
}
