TN:
SF:src\class\answer.ts
FN:4,Answer
FNF:1
FNH:1
FNDA:8,Answer
DA:1,2
DA:2,2
DA:3,2
DA:4,2
DA:5,8
DA:6,8
DA:7,8
DA:8,2
LF:8
LH:8
BRDA:1,0,0,2
BRDA:4,1,0,8
BRF:2
BRH:2
end_of_record
TN:
SF:src\class\candidate.ts
FN:6,Candidate
FNF:1
FNH:1
FNDA:6,Candidate
DA:1,2
DA:2,2
DA:3,2
DA:4,2
DA:5,2
DA:6,2
DA:7,6
DA:8,6
DA:9,6
DA:10,6
DA:11,6
DA:12,2
LF:12
LH:12
BRDA:1,0,0,2
BRDA:6,1,0,6
BRF:2
BRH:2
end_of_record
TN:
SF:src\class\httphandler.ts
FN:10,Disconnection
FN:41,getOrCreateConnectionIds
FN:51,reset
FN:61,checkSessionId
FN:75,_deleteConnection
FN:107,_deleteSession
FN:120,_checkForTimedOutSessions
FN:132,_getConnection
FN:137,_getDisconnection
FN:150,_getOffer
FN:170,_getAnswer
FN:183,_getCandidate
FN:207,getAnswer
FN:215,getConnection
FN:222,getOffer
FN:230,getCandidate
FN:238,getAll
FN:262,createSession
FN:272,deleteSession
FN:278,createConnection
FN:311,deleteConnection
FN:320,postOffer
FN:352,postAnswer
FN:392,postCandidate
FNF:24
FNH:24
FNDA:22,Disconnection
FNDA:17,getOrCreateConnectionIds
FNDA:6,reset
FNDA:130,checkSessionId
FNDA:13,_deleteConnection
FNDA:13,_deleteSession
FNDA:39,_checkForTimedOutSessions
FNDA:21,_getConnection
FNDA:18,_getDisconnection
FNDA:22,_getOffer
FNDA:22,_getAnswer
FNDA:22,_getCandidate
FNDA:4,getAnswer
FNDA:3,getConnection
FNDA:4,getOffer
FNDA:4,getCandidate
FNDA:18,getAll
FNDA:14,createSession
FNDA:10,deleteSession
FNDA:11,createConnection
FNDA:6,deleteConnection
FNDA:7,postOffer
FNDA:6,postAnswer
FNDA:2,postCandidate
DA:1,1
DA:2,1
DA:3,1
DA:4,1
DA:5,1
DA:6,1
DA:7,1
DA:8,1
DA:9,1
DA:10,1
DA:11,22
DA:12,22
DA:13,22
DA:14,1
DA:15,1
DA:16,1
DA:17,1
DA:18,1
DA:19,1
DA:20,1
DA:21,1
DA:22,1
DA:23,1
DA:24,1
DA:25,1
DA:26,1
DA:27,1
DA:28,1
DA:29,1
DA:30,1
DA:31,1
DA:32,1
DA:33,1
DA:34,1
DA:35,1
DA:36,1
DA:37,1
DA:38,1
DA:39,1
DA:40,1
DA:41,17
DA:42,17
DA:43,17
DA:44,0
DA:45,0
DA:46,0
DA:47,17
DA:48,17
DA:49,17
DA:50,1
DA:51,6
DA:52,6
DA:53,6
DA:54,6
DA:55,6
DA:56,6
DA:57,6
DA:58,6
DA:59,6
DA:60,1
DA:61,130
DA:62,130
DA:63,0
DA:64,0
DA:65,0
DA:66,130
DA:67,130
DA:68,25
DA:69,25
DA:70,25
DA:71,105
DA:72,105
DA:73,105
DA:74,1
DA:75,13
DA:76,13
DA:77,13
DA:78,13
DA:79,4
DA:80,2
DA:81,2
DA:82,2
DA:83,2
DA:84,2
DA:85,2
DA:86,2
DA:87,2
DA:88,2
DA:89,2
DA:90,13
DA:91,9
DA:92,16
DA:93,16
DA:94,7
DA:95,9
DA:96,9
DA:97,13
DA:98,13
DA:99,13
DA:100,13
DA:101,13
DA:102,13
DA:103,13
DA:104,13
DA:105,13
DA:106,1
DA:107,13
DA:108,13
DA:109,13
DA:110,7
DA:111,7
DA:112,13
DA:113,13
DA:114,13
DA:115,13
DA:116,13
DA:117,13
DA:118,13
DA:119,1
DA:120,39
DA:121,39
DA:122,39
DA:123,81
DA:124,81
DA:125,79
DA:126,79
DA:127,3
DA:128,3
DA:129,3
DA:130,39
DA:131,1
DA:132,21
DA:133,21
DA:134,21
DA:135,21
DA:136,1
DA:137,18
DA:138,18
DA:139,18
DA:140,18
DA:141,18
DA:142,18
DA:143,18
DA:144,18
DA:145,0
DA:146,0
DA:147,18
DA:148,18
DA:149,1
DA:150,22
DA:151,22
DA:152,22
DA:153,22
DA:154,22
DA:155,6
DA:156,6
DA:157,6
DA:158,22
DA:159,16
DA:160,16
DA:161,16
DA:162,22
DA:163,22
DA:164,22
DA:165,0
DA:166,0
DA:167,22
DA:168,22
DA:169,1
DA:170,22
DA:171,22
DA:172,22
DA:173,22
DA:174,22
DA:175,22
DA:176,22
DA:177,22
DA:178,0
DA:179,0
DA:180,22
DA:181,22
DA:182,1
DA:183,22
DA:184,22
DA:185,22
DA:186,22
DA:187,15
DA:188,15
DA:189,6
DA:190,6
DA:191,15
DA:192,15
DA:193,7
DA:194,7
DA:195,2
DA:196,2
DA:197,15
DA:198,0
DA:199,0
DA:200,2
DA:201,2
DA:202,2
DA:203,15
DA:204,22
DA:205,22
DA:206,1
DA:207,4
DA:208,4
DA:209,4
DA:210,4
DA:211,4
DA:212,4
DA:213,4
DA:214,1
DA:215,3
DA:216,3
DA:217,3
DA:218,3
DA:219,3
DA:220,3
DA:221,1
DA:222,4
DA:223,4
DA:224,4
DA:225,4
DA:226,4
DA:227,4
DA:228,4
DA:229,1
DA:230,4
DA:231,4
DA:232,4
DA:233,4
DA:234,4
DA:235,4
DA:236,4
DA:237,1
DA:238,18
DA:239,18
DA:240,18
DA:241,18
DA:242,18
DA:243,18
DA:244,18
DA:245,18
DA:246,18
DA:247,18
DA:248,18
DA:249,18
DA:250,18
DA:251,18
DA:252,18
DA:253,18
DA:254,18
DA:255,18
DA:256,18
DA:257,18
DA:258,1
DA:259,1
DA:260,1
DA:261,1
DA:262,14
DA:263,14
DA:264,14
DA:265,14
DA:266,14
DA:267,14
DA:268,14
DA:269,14
DA:270,14
DA:271,1
DA:272,10
DA:273,10
DA:274,10
DA:275,10
DA:276,10
DA:277,1
DA:278,11
DA:279,11
DA:280,11
DA:281,11
DA:282,1
DA:283,1
DA:284,1
DA:285,10
DA:286,11
DA:287,5
DA:288,3
DA:289,3
DA:290,3
DA:291,1
DA:292,1
DA:293,1
DA:294,1
DA:295,3
DA:296,2
DA:297,2
DA:298,2
DA:299,2
DA:300,5
DA:301,2
DA:302,2
DA:303,2
DA:304,5
DA:305,9
DA:306,9
DA:307,9
DA:308,9
DA:309,9
DA:310,1
DA:311,6
DA:312,6
DA:313,6
DA:314,6
DA:315,6
DA:316,6
DA:317,6
DA:318,6
DA:319,1
DA:320,7
DA:321,7
DA:322,7
DA:323,7
DA:324,7
DA:325,7
DA:326,7
DA:327,2
DA:328,2
DA:329,2
DA:330,2
DA:331,2
DA:332,2
DA:333,2
DA:334,2
DA:335,2
DA:336,2
DA:337,2
DA:338,2
DA:339,5
DA:340,5
DA:341,7
DA:342,4
DA:343,4
DA:344,5
DA:345,5
DA:346,5
DA:347,5
DA:348,5
DA:349,5
DA:350,5
DA:351,1
DA:352,6
DA:353,6
DA:354,6
DA:355,6
DA:356,6
DA:357,6
DA:358,6
DA:359,2
DA:360,2
DA:361,2
DA:362,4
DA:363,4
DA:364,4
DA:365,6
DA:366,6
DA:367,0
DA:368,0
DA:369,0
DA:370,0
DA:371,4
DA:372,6
DA:373,3
DA:374,3
DA:375,4
DA:376,4
DA:377,4
DA:378,4
DA:379,4
DA:380,4
DA:381,4
DA:382,4
DA:383,4
DA:384,0
DA:385,0
DA:386,0
DA:387,0
DA:388,4
DA:389,4
DA:390,4
DA:391,1
DA:392,2
DA:393,2
DA:394,2
DA:395,2
DA:396,2
DA:397,2
DA:398,2
DA:399,2
DA:400,2
DA:401,2
DA:402,2
DA:403,2
DA:404,2
DA:405,1
DA:406,1
LF:406
LH:384
BRDA:7,0,0,1
BRDA:10,1,0,22
BRDA:41,2,0,17
BRDA:43,3,0,0
BRDA:51,4,0,6
BRDA:61,5,0,130
BRDA:62,6,0,0
BRDA:67,7,0,25
BRDA:71,8,0,105
BRDA:75,9,0,13
BRDA:78,10,0,4
BRDA:79,11,0,2
BRDA:81,12,0,1
BRDA:81,13,0,1
BRDA:90,14,0,9
BRDA:91,15,0,16
BRDA:93,16,0,9
BRDA:94,17,0,7
BRDA:107,18,0,13
BRDA:109,19,0,7
BRDA:120,20,0,39
BRDA:122,21,0,81
BRDA:124,22,0,2
BRDA:125,23,0,79
BRDA:126,24,0,76
BRDA:127,25,0,3
BRDA:132,26,0,21
BRDA:137,27,0,18
BRDA:144,28,0,0
BRDA:150,29,0,22
BRDA:154,30,0,6
BRDA:158,31,0,16
BRDA:164,32,0,0
BRDA:159,33,0,32
BRDA:160,34,0,16
BRDA:160,35,0,4
BRDA:170,36,0,22
BRDA:177,37,0,0
BRDA:183,38,0,22
BRDA:186,39,0,15
BRDA:188,40,0,6
BRDA:191,41,0,9
BRDA:191,42,0,6
BRDA:191,43,0,3
BRDA:192,44,0,6
BRDA:192,45,0,7
BRDA:195,46,0,2
BRDA:197,47,0,0
BRDA:200,48,0,2
BRDA:196,49,0,2
BRDA:207,50,0,4
BRDA:209,51,0,0
BRDA:212,52,0,2
BRDA:215,53,0,3
BRDA:219,54,0,2
BRDA:222,55,0,4
BRDA:224,56,0,0
BRDA:227,57,0,2
BRDA:230,58,0,4
BRDA:232,59,0,0
BRDA:235,60,0,2
BRDA:238,61,0,18
BRDA:239,62,0,0
BRDA:249,63,0,10
BRDA:250,64,0,5
BRDA:251,65,0,2
BRDA:253,66,0,6
BRDA:255,67,0,12
BRDA:262,68,0,14
BRDA:263,69,0,0
BRDA:272,70,0,10
BRDA:278,71,0,11
BRDA:281,72,0,1
BRDA:285,73,0,10
BRDA:286,74,0,5
BRDA:287,75,0,3
BRDA:290,76,0,1
BRDA:295,77,0,2
BRDA:300,78,0,2
BRDA:305,79,0,9
BRDA:311,80,0,6
BRDA:320,81,0,7
BRDA:326,82,0,2
BRDA:329,83,0,0
BRDA:339,84,0,5
BRDA:341,85,0,4
BRDA:344,86,0,5
BRDA:352,87,0,6
BRDA:358,88,0,2
BRDA:362,89,0,4
BRDA:365,90,0,0
BRDA:365,91,0,4
BRDA:366,92,0,0
BRDA:371,93,0,4
BRDA:372,94,0,3
BRDA:375,95,0,4
BRDA:383,96,0,0
BRDA:392,97,0,2
BRF:98
BRH:83
end_of_record
TN:
SF:src\class\offer.ts
FN:5,Offer
FNF:1
FNH:1
FNDA:11,Offer
DA:1,2
DA:2,2
DA:3,2
DA:4,2
DA:5,2
DA:6,11
DA:7,11
DA:8,11
DA:9,11
DA:10,2
LF:10
LH:10
BRDA:1,0,0,2
BRDA:5,1,0,11
BRF:2
BRH:2
end_of_record
TN:
SF:src\class\websockethandler.ts
FN:13,getOrCreateConnectionIds
FN:23,reset
FN:27,add
FN:31,remove
FN:47,onConnect
FN:70,onDisconnect
FN:85,onOffer
FN:110,onAnswer
FN:130,onCandidate
FNF:9
FNH:9
FNDA:6,getOrCreateConnectionIds
FNDA:2,reset
FNDA:4,add
FNDA:4,remove
FNDA:4,onConnect
FNDA:4,onDisconnect
FNDA:2,onOffer
FNDA:2,onAnswer
FNDA:2,onCandidate
DA:1,1
DA:2,1
DA:3,1
DA:4,1
DA:5,1
DA:6,1
DA:7,1
DA:8,1
DA:9,1
DA:10,1
DA:11,1
DA:12,1
DA:13,6
DA:14,6
DA:15,6
DA:16,0
DA:17,0
DA:18,0
DA:19,6
DA:20,6
DA:21,6
DA:22,1
DA:23,2
DA:24,2
DA:25,2
DA:26,1
DA:27,4
DA:28,4
DA:29,4
DA:30,1
DA:31,4
DA:32,4
DA:33,4
DA:34,1
DA:35,1
DA:36,0
DA:37,0
DA:38,0
DA:39,0
DA:40,0
DA:41,1
DA:42,4
DA:43,4
DA:44,4
DA:45,4
DA:46,1
DA:47,4
DA:48,4
DA:49,4
DA:50,2
DA:51,1
DA:52,1
DA:53,1
DA:54,0
DA:55,0
DA:56,1
DA:57,1
DA:58,1
DA:59,1
DA:60,1
DA:61,1
DA:62,1
DA:63,2
DA:64,4
DA:65,4
DA:66,4
DA:67,4
DA:68,4
DA:69,1
DA:70,4
DA:71,4
DA:72,4
DA:73,4
DA:74,4
DA:75,2
DA:76,2
DA:77,2
DA:78,2
DA:79,2
DA:80,2
DA:81,4
DA:82,4
DA:83,4
DA:84,1
DA:85,2
DA:86,2
DA:87,2
DA:88,2
DA:89,2
DA:90,1
DA:91,1
DA:92,1
DA:93,1
DA:94,1
DA:95,1
DA:96,1
DA:97,1
DA:98,1
DA:99,1
DA:100,1
DA:101,1
DA:102,1
DA:103,2
DA:104,1
DA:105,1
DA:106,1
DA:107,1
DA:108,1
DA:109,1
DA:110,2
DA:111,2
DA:112,2
DA:113,2
DA:114,2
DA:115,2
DA:116,2
DA:117,0
DA:118,0
DA:119,2
DA:120,2
DA:121,2
DA:122,2
DA:123,2
DA:124,1
DA:125,1
DA:126,2
DA:127,2
DA:128,2
DA:129,1
DA:130,2
DA:131,2
DA:132,2
DA:133,2
DA:134,2
DA:135,1
DA:136,1
DA:137,1
DA:138,1
DA:139,1
DA:140,1
DA:141,1
DA:142,1
DA:143,1
DA:144,1
DA:145,1
DA:146,2
DA:147,1
DA:148,1
DA:149,1
DA:150,1
DA:151,1
DA:152,1
DA:153,1
LF:153
LH:141
BRDA:13,0,0,6
BRDA:15,1,0,0
BRDA:23,2,0,2
BRDA:27,3,0,4
BRDA:31,4,0,4
BRDA:33,5,0,1
BRDA:35,6,0,0
BRDA:47,7,0,4
BRDA:49,8,0,2
BRDA:50,9,0,1
BRDA:53,10,0,0
BRDA:70,11,0,4
BRDA:74,12,0,2
BRDA:76,13,0,0
BRDA:85,14,0,2
BRDA:89,15,0,1
BRDA:92,16,0,0
BRDA:102,17,0,2
BRDA:103,18,0,1
BRDA:110,19,0,2
BRDA:116,20,0,0
BRDA:121,21,0,0
BRDA:123,22,0,1
BRDA:130,23,0,2
BRDA:134,24,0,1
BRDA:137,25,0,0
BRDA:145,26,0,2
BRDA:146,27,0,1
BRF:28
BRH:20
end_of_record
